{"/home/user/projects/newomega-capacitor-polkadot/client/src/definitions/Modules.js": {"path":"/home/user/projects/newomega-capacitor-polkadot/client/src/definitions/Modules.js","statementMap":{"0":{"start":{"line":8,"column":34},"end":{"line":8,"column":320}},"1":{"start":{"line":9,"column":28},"end":{"line":9,"column":64}},"2":{"start":{"line":11,"column":32},"end":{"line":11,"column":246}},"3":{"start":{"line":12,"column":26},"end":{"line":12,"column":60}},"4":{"start":{"line":14,"column":34},"end":{"line":14,"column":205}},"5":{"start":{"line":15,"column":28},"end":{"line":15,"column":64}},"6":{"start":{"line":17,"column":29},"end":{"line":21,"column":1}},"7":{"start":{"line":18,"column":4},"end":{"line":20,"column":72}},"8":{"start":{"line":23,"column":26},"end":{"line":24,"column":37}},"9":{"start":{"line":25,"column":33},"end":{"line":25,"column":87}},"10":{"start":{"line":27,"column":29},"end":{"line":34,"column":1}},"11":{"start":{"line":36,"column":29},"end":{"line":43,"column":1}}},"fnMap":{"0":{"name":"(anonymous_0)","decl":{"start":{"line":17,"column":29},"end":{"line":17,"column":30}},"loc":{"start":{"line":17,"column":42},"end":{"line":21,"column":1}},"line":17}},"branchMap":{},"s":{"0":1,"1":1,"2":1,"3":1,"4":1,"5":1,"6":1,"7":0,"8":1,"9":1,"10":1,"11":1},"f":{"0":0},"b":{},"_coverageSchema":"1a1c01bbd47fc00a2c39e90264f33305004495a9","hash":"258230ffacbc9f35d88cbf1b72bf2f0c04c33324"}
,"/home/user/projects/newomega-capacitor-polkadot/client/src/definitions/OmegaDefaults.js": {"path":"/home/user/projects/newomega-capacitor-polkadot/client/src/definitions/OmegaDefaults.js","statementMap":{"0":{"start":{"line":1,"column":29},"end":{"line":17,"column":1}},"1":{"start":{"line":22,"column":27},"end":{"line":24,"column":1}},"2":{"start":{"line":23,"column":4},"end":{"line":23,"column":39}},"3":{"start":{"line":26,"column":27},"end":{"line":28,"column":1}},"4":{"start":{"line":27,"column":4},"end":{"line":27,"column":39}},"5":{"start":{"line":30,"column":32},"end":{"line":32,"column":1}},"6":{"start":{"line":31,"column":4},"end":{"line":31,"column":37}},"7":{"start":{"line":34,"column":31},"end":{"line":36,"column":1}},"8":{"start":{"line":35,"column":4},"end":{"line":35,"column":96}},"9":{"start":{"line":38,"column":43},"end":{"line":40,"column":1}},"10":{"start":{"line":39,"column":4},"end":{"line":39,"column":96}},"11":{"start":{"line":42,"column":34},"end":{"line":46,"column":1}},"12":{"start":{"line":43,"column":17},"end":{"line":43,"column":28}},"13":{"start":{"line":44,"column":4},"end":{"line":44,"column":63}},"14":{"start":{"line":45,"column":4},"end":{"line":45,"column":44}}},"fnMap":{"0":{"name":"(anonymous_0)","decl":{"start":{"line":22,"column":27},"end":{"line":22,"column":28}},"loc":{"start":{"line":22,"column":40},"end":{"line":24,"column":1}},"line":22},"1":{"name":"(anonymous_1)","decl":{"start":{"line":26,"column":27},"end":{"line":26,"column":28}},"loc":{"start":{"line":26,"column":40},"end":{"line":28,"column":1}},"line":26},"2":{"name":"(anonymous_2)","decl":{"start":{"line":30,"column":32},"end":{"line":30,"column":33}},"loc":{"start":{"line":30,"column":45},"end":{"line":32,"column":1}},"line":30},"3":{"name":"(anonymous_3)","decl":{"start":{"line":34,"column":31},"end":{"line":34,"column":32}},"loc":{"start":{"line":34,"column":72},"end":{"line":36,"column":1}},"line":34},"4":{"name":"(anonymous_4)","decl":{"start":{"line":38,"column":43},"end":{"line":38,"column":44}},"loc":{"start":{"line":38,"column":84},"end":{"line":40,"column":1}},"line":38},"5":{"name":"(anonymous_5)","decl":{"start":{"line":42,"column":34},"end":{"line":42,"column":35}},"loc":{"start":{"line":42,"column":46},"end":{"line":46,"column":1}},"line":42}},"branchMap":{},"s":{"0":2,"1":2,"2":3,"3":2,"4":26,"5":2,"6":1,"7":2,"8":1,"9":2,"10":0,"11":2,"12":1,"13":1,"14":1},"f":{"0":3,"1":26,"2":1,"3":1,"4":0,"5":1},"b":{},"_coverageSchema":"1a1c01bbd47fc00a2c39e90264f33305004495a9","hash":"3a50783ded60d7f7134559a4779fe363d0397133"}
,"/home/user/projects/newomega-capacitor-polkadot/client/src/definitions/Ships.js": {"path":"/home/user/projects/newomega-capacitor-polkadot/client/src/definitions/Ships.js","statementMap":{"0":{"start":{"line":8,"column":27},"end":{"line":8,"column":30}},"1":{"start":{"line":9,"column":31},"end":{"line":9,"column":34}},"2":{"start":{"line":11,"column":25},"end":{"line":22,"column":1}},"3":{"start":{"line":24,"column":31},"end":{"line":35,"column":1}},"4":{"start":{"line":37,"column":32},"end":{"line":48,"column":1}},"5":{"start":{"line":50,"column":38},"end":{"line":61,"column":1}},"6":{"start":{"line":63,"column":21},"end":{"line":194,"column":1}}},"fnMap":{},"branchMap":{},"s":{"0":2,"1":2,"2":2,"3":2,"4":2,"5":2,"6":2},"f":{},"b":{},"_coverageSchema":"1a1c01bbd47fc00a2c39e90264f33305004495a9","hash":"32e182c74d68dea63d115a331bcc98639e7e7561"}
,"/home/user/projects/newomega-capacitor-polkadot/client/src/facades/ContractFacade.js": {"path":"/home/user/projects/newomega-capacitor-polkadot/client/src/facades/ContractFacade.js","statementMap":{"0":{"start":{"line":12,"column":18},"end":{"line":12,"column":20}},"1":{"start":{"line":21,"column":8},"end":{"line":21,"column":39}},"2":{"start":{"line":22,"column":8},"end":{"line":22,"column":56}},"3":{"start":{"line":23,"column":8},"end":{"line":23,"column":77}},"4":{"start":{"line":24,"column":8},"end":{"line":24,"column":49}},"5":{"start":{"line":25,"column":8},"end":{"line":29,"column":9}},"6":{"start":{"line":26,"column":12},"end":{"line":28,"column":14}},"7":{"start":{"line":36,"column":8},"end":{"line":37,"column":69}},"8":{"start":{"line":44,"column":8},"end":{"line":44,"column":65}},"9":{"start":{"line":52,"column":27},"end":{"line":52,"column":69}},"10":{"start":{"line":53,"column":20},"end":{"line":60,"column":10}},"11":{"start":{"line":61,"column":8},"end":{"line":61,"column":26}},"12":{"start":{"line":62,"column":8},"end":{"line":62,"column":19}},"13":{"start":{"line":69,"column":8},"end":{"line":69,"column":89}},"14":{"start":{"line":76,"column":8},"end":{"line":76,"column":73}},"15":{"start":{"line":83,"column":8},"end":{"line":98,"column":11}},"16":{"start":{"line":84,"column":12},"end":{"line":97,"column":19}},"17":{"start":{"line":91,"column":20},"end":{"line":93,"column":21}},"18":{"start":{"line":92,"column":24},"end":{"line":92,"column":53}},"19":{"start":{"line":94,"column":20},"end":{"line":96,"column":21}},"20":{"start":{"line":95,"column":24},"end":{"line":95,"column":34}},"21":{"start":{"line":105,"column":8},"end":{"line":116,"column":11}},"22":{"start":{"line":106,"column":12},"end":{"line":115,"column":19}},"23":{"start":{"line":109,"column":20},"end":{"line":111,"column":21}},"24":{"start":{"line":110,"column":24},"end":{"line":110,"column":53}},"25":{"start":{"line":112,"column":20},"end":{"line":114,"column":21}},"26":{"start":{"line":113,"column":24},"end":{"line":113,"column":34}},"27":{"start":{"line":123,"column":8},"end":{"line":134,"column":11}},"28":{"start":{"line":124,"column":12},"end":{"line":133,"column":19}},"29":{"start":{"line":127,"column":20},"end":{"line":129,"column":21}},"30":{"start":{"line":128,"column":24},"end":{"line":128,"column":53}},"31":{"start":{"line":130,"column":20},"end":{"line":132,"column":21}},"32":{"start":{"line":131,"column":24},"end":{"line":131,"column":34}},"33":{"start":{"line":141,"column":8},"end":{"line":154,"column":11}},"34":{"start":{"line":143,"column":16},"end":{"line":144,"column":89}},"35":{"start":{"line":146,"column":12},"end":{"line":153,"column":13}},"36":{"start":{"line":147,"column":32},"end":{"line":147,"column":57}},"37":{"start":{"line":148,"column":16},"end":{"line":148,"column":93}},"38":{"start":{"line":150,"column":16},"end":{"line":150,"column":33}},"39":{"start":{"line":152,"column":16},"end":{"line":152,"column":37}},"40":{"start":{"line":161,"column":8},"end":{"line":172,"column":11}},"41":{"start":{"line":163,"column":16},"end":{"line":164,"column":90}},"42":{"start":{"line":166,"column":12},"end":{"line":171,"column":13}},"43":{"start":{"line":167,"column":30},"end":{"line":167,"column":55}},"44":{"start":{"line":168,"column":16},"end":{"line":168,"column":31}},"45":{"start":{"line":170,"column":16},"end":{"line":170,"column":37}},"46":{"start":{"line":179,"column":8},"end":{"line":203,"column":11}},"47":{"start":{"line":181,"column":16},"end":{"line":182,"column":91}},"48":{"start":{"line":184,"column":12},"end":{"line":202,"column":13}},"49":{"start":{"line":185,"column":34},"end":{"line":185,"column":59}},"50":{"start":{"line":186,"column":40},"end":{"line":197,"column":18}},"51":{"start":{"line":187,"column":20},"end":{"line":196,"column":22}},"52":{"start":{"line":199,"column":16},"end":{"line":199,"column":41}},"53":{"start":{"line":201,"column":16},"end":{"line":201,"column":37}},"54":{"start":{"line":210,"column":8},"end":{"line":226,"column":11}},"55":{"start":{"line":211,"column":12},"end":{"line":225,"column":19}},"56":{"start":{"line":219,"column":20},"end":{"line":221,"column":21}},"57":{"start":{"line":220,"column":24},"end":{"line":220,"column":53}},"58":{"start":{"line":222,"column":20},"end":{"line":224,"column":21}},"59":{"start":{"line":223,"column":24},"end":{"line":223,"column":34}},"60":{"start":{"line":233,"column":8},"end":{"line":235,"column":35}},"61":{"start":{"line":242,"column":8},"end":{"line":242,"column":53}},"62":{"start":{"line":244,"column":8},"end":{"line":264,"column":11}},"63":{"start":{"line":245,"column":12},"end":{"line":263,"column":19}},"64":{"start":{"line":252,"column":20},"end":{"line":254,"column":21}},"65":{"start":{"line":253,"column":24},"end":{"line":253,"column":53}},"66":{"start":{"line":255,"column":20},"end":{"line":262,"column":21}},"67":{"start":{"line":256,"column":38},"end":{"line":258,"column":26}},"68":{"start":{"line":257,"column":28},"end":{"line":257,"column":92}},"69":{"start":{"line":259,"column":42},"end":{"line":259,"column":78}},"70":{"start":{"line":260,"column":39},"end":{"line":260,"column":75}},"71":{"start":{"line":261,"column":24},"end":{"line":261,"column":74}},"72":{"start":{"line":271,"column":8},"end":{"line":282,"column":11}},"73":{"start":{"line":272,"column":12},"end":{"line":281,"column":19}},"74":{"start":{"line":275,"column":20},"end":{"line":277,"column":21}},"75":{"start":{"line":276,"column":24},"end":{"line":276,"column":53}},"76":{"start":{"line":278,"column":20},"end":{"line":280,"column":21}},"77":{"start":{"line":279,"column":24},"end":{"line":279,"column":34}},"78":{"start":{"line":289,"column":8},"end":{"line":300,"column":11}},"79":{"start":{"line":290,"column":12},"end":{"line":299,"column":19}},"80":{"start":{"line":293,"column":20},"end":{"line":295,"column":21}},"81":{"start":{"line":294,"column":24},"end":{"line":294,"column":53}},"82":{"start":{"line":296,"column":20},"end":{"line":298,"column":21}},"83":{"start":{"line":297,"column":24},"end":{"line":297,"column":34}},"84":{"start":{"line":307,"column":8},"end":{"line":318,"column":11}},"85":{"start":{"line":308,"column":12},"end":{"line":317,"column":19}},"86":{"start":{"line":311,"column":20},"end":{"line":313,"column":21}},"87":{"start":{"line":312,"column":24},"end":{"line":312,"column":53}},"88":{"start":{"line":314,"column":20},"end":{"line":316,"column":21}},"89":{"start":{"line":315,"column":24},"end":{"line":315,"column":34}},"90":{"start":{"line":325,"column":8},"end":{"line":336,"column":11}},"91":{"start":{"line":326,"column":12},"end":{"line":335,"column":19}},"92":{"start":{"line":329,"column":20},"end":{"line":331,"column":21}},"93":{"start":{"line":330,"column":24},"end":{"line":330,"column":53}},"94":{"start":{"line":332,"column":20},"end":{"line":334,"column":21}},"95":{"start":{"line":333,"column":24},"end":{"line":333,"column":34}},"96":{"start":{"line":343,"column":8},"end":{"line":354,"column":11}},"97":{"start":{"line":345,"column":16},"end":{"line":346,"column":93}},"98":{"start":{"line":348,"column":12},"end":{"line":353,"column":13}},"99":{"start":{"line":349,"column":30},"end":{"line":349,"column":55}},"100":{"start":{"line":350,"column":16},"end":{"line":350,"column":31}},"101":{"start":{"line":352,"column":16},"end":{"line":352,"column":37}},"102":{"start":{"line":361,"column":8},"end":{"line":372,"column":11}},"103":{"start":{"line":363,"column":16},"end":{"line":364,"column":94}},"104":{"start":{"line":366,"column":12},"end":{"line":371,"column":13}},"105":{"start":{"line":367,"column":30},"end":{"line":367,"column":55}},"106":{"start":{"line":368,"column":16},"end":{"line":368,"column":31}},"107":{"start":{"line":370,"column":16},"end":{"line":370,"column":37}},"108":{"start":{"line":379,"column":8},"end":{"line":390,"column":11}},"109":{"start":{"line":380,"column":12},"end":{"line":389,"column":19}},"110":{"start":{"line":383,"column":20},"end":{"line":385,"column":21}},"111":{"start":{"line":384,"column":24},"end":{"line":384,"column":53}},"112":{"start":{"line":386,"column":20},"end":{"line":388,"column":21}},"113":{"start":{"line":387,"column":24},"end":{"line":387,"column":34}},"114":{"start":{"line":397,"column":8},"end":{"line":408,"column":11}},"115":{"start":{"line":398,"column":12},"end":{"line":407,"column":19}},"116":{"start":{"line":401,"column":20},"end":{"line":403,"column":21}},"117":{"start":{"line":402,"column":24},"end":{"line":402,"column":53}},"118":{"start":{"line":404,"column":20},"end":{"line":406,"column":21}},"119":{"start":{"line":405,"column":24},"end":{"line":405,"column":34}},"120":{"start":{"line":415,"column":8},"end":{"line":426,"column":11}},"121":{"start":{"line":416,"column":12},"end":{"line":425,"column":19}},"122":{"start":{"line":419,"column":20},"end":{"line":421,"column":21}},"123":{"start":{"line":420,"column":24},"end":{"line":420,"column":53}},"124":{"start":{"line":422,"column":20},"end":{"line":424,"column":21}},"125":{"start":{"line":423,"column":24},"end":{"line":423,"column":34}},"126":{"start":{"line":433,"column":8},"end":{"line":444,"column":11}},"127":{"start":{"line":435,"column":16},"end":{"line":436,"column":90}},"128":{"start":{"line":438,"column":12},"end":{"line":443,"column":13}},"129":{"start":{"line":439,"column":30},"end":{"line":439,"column":55}},"130":{"start":{"line":440,"column":16},"end":{"line":440,"column":31}},"131":{"start":{"line":442,"column":16},"end":{"line":442,"column":37}},"132":{"start":{"line":451,"column":8},"end":{"line":462,"column":11}},"133":{"start":{"line":453,"column":16},"end":{"line":454,"column":90}},"134":{"start":{"line":456,"column":12},"end":{"line":461,"column":13}},"135":{"start":{"line":457,"column":30},"end":{"line":457,"column":55}},"136":{"start":{"line":458,"column":16},"end":{"line":458,"column":31}},"137":{"start":{"line":460,"column":16},"end":{"line":460,"column":37}},"138":{"start":{"line":469,"column":8},"end":{"line":488,"column":11}},"139":{"start":{"line":471,"column":16},"end":{"line":472,"column":90}},"140":{"start":{"line":474,"column":12},"end":{"line":487,"column":13}},"141":{"start":{"line":475,"column":36},"end":{"line":475,"column":61}},"142":{"start":{"line":476,"column":42},"end":{"line":482,"column":18}},"143":{"start":{"line":477,"column":20},"end":{"line":481,"column":21}},"144":{"start":{"line":484,"column":16},"end":{"line":484,"column":43}},"145":{"start":{"line":486,"column":16},"end":{"line":486,"column":37}},"146":{"start":{"line":497,"column":8},"end":{"line":528,"column":11}},"147":{"start":{"line":499,"column":16},"end":{"line":508,"column":21}},"148":{"start":{"line":510,"column":12},"end":{"line":527,"column":13}},"149":{"start":{"line":511,"column":36},"end":{"line":515,"column":17}},"150":{"start":{"line":519,"column":16},"end":{"line":519,"column":109}},"151":{"start":{"line":520,"column":16},"end":{"line":520,"column":109}},"152":{"start":{"line":521,"column":16},"end":{"line":521,"column":111}},"153":{"start":{"line":522,"column":16},"end":{"line":522,"column":111}},"154":{"start":{"line":524,"column":16},"end":{"line":524,"column":37}},"155":{"start":{"line":526,"column":16},"end":{"line":526,"column":37}},"156":{"start":{"line":535,"column":8},"end":{"line":547,"column":11}},"157":{"start":{"line":537,"column":16},"end":{"line":538,"column":93}},"158":{"start":{"line":540,"column":12},"end":{"line":546,"column":13}},"159":{"start":{"line":541,"column":31},"end":{"line":541,"column":56}},"160":{"start":{"line":542,"column":16},"end":{"line":542,"column":44}},"161":{"start":{"line":543,"column":16},"end":{"line":543,"column":48}},"162":{"start":{"line":545,"column":16},"end":{"line":545,"column":37}},"163":{"start":{"line":554,"column":8},"end":{"line":565,"column":11}},"164":{"start":{"line":555,"column":12},"end":{"line":564,"column":19}},"165":{"start":{"line":558,"column":20},"end":{"line":560,"column":21}},"166":{"start":{"line":559,"column":24},"end":{"line":559,"column":46}},"167":{"start":{"line":561,"column":20},"end":{"line":563,"column":21}},"168":{"start":{"line":562,"column":24},"end":{"line":562,"column":34}},"169":{"start":{"line":572,"column":8},"end":{"line":583,"column":11}},"170":{"start":{"line":573,"column":12},"end":{"line":582,"column":19}},"171":{"start":{"line":576,"column":20},"end":{"line":578,"column":21}},"172":{"start":{"line":577,"column":24},"end":{"line":577,"column":46}},"173":{"start":{"line":579,"column":20},"end":{"line":581,"column":21}},"174":{"start":{"line":580,"column":24},"end":{"line":580,"column":34}},"175":{"start":{"line":590,"column":8},"end":{"line":601,"column":11}},"176":{"start":{"line":591,"column":12},"end":{"line":600,"column":19}},"177":{"start":{"line":594,"column":20},"end":{"line":596,"column":21}},"178":{"start":{"line":595,"column":24},"end":{"line":595,"column":46}},"179":{"start":{"line":597,"column":20},"end":{"line":599,"column":21}},"180":{"start":{"line":598,"column":24},"end":{"line":598,"column":34}},"181":{"start":{"line":605,"column":8},"end":{"line":609,"column":11}},"182":{"start":{"line":606,"column":12},"end":{"line":608,"column":49}},"183":{"start":{"line":616,"column":8},"end":{"line":626,"column":11}},"184":{"start":{"line":618,"column":16},"end":{"line":619,"column":96}},"185":{"start":{"line":621,"column":12},"end":{"line":625,"column":13}},"186":{"start":{"line":622,"column":16},"end":{"line":622,"column":51}},"187":{"start":{"line":624,"column":16},"end":{"line":624,"column":37}},"188":{"start":{"line":633,"column":8},"end":{"line":644,"column":11}},"189":{"start":{"line":635,"column":16},"end":{"line":636,"column":91}},"190":{"start":{"line":638,"column":12},"end":{"line":643,"column":13}},"191":{"start":{"line":639,"column":31},"end":{"line":639,"column":56}},"192":{"start":{"line":640,"column":16},"end":{"line":640,"column":32}},"193":{"start":{"line":642,"column":16},"end":{"line":642,"column":37}},"194":{"start":{"line":651,"column":8},"end":{"line":662,"column":11}},"195":{"start":{"line":653,"column":16},"end":{"line":654,"column":99}},"196":{"start":{"line":656,"column":12},"end":{"line":661,"column":13}},"197":{"start":{"line":657,"column":30},"end":{"line":657,"column":55}},"198":{"start":{"line":658,"column":16},"end":{"line":658,"column":31}},"199":{"start":{"line":660,"column":16},"end":{"line":660,"column":37}},"200":{"start":{"line":669,"column":8},"end":{"line":680,"column":11}},"201":{"start":{"line":671,"column":16},"end":{"line":672,"column":88}},"202":{"start":{"line":674,"column":12},"end":{"line":679,"column":13}},"203":{"start":{"line":675,"column":30},"end":{"line":675,"column":55}},"204":{"start":{"line":676,"column":16},"end":{"line":676,"column":31}},"205":{"start":{"line":678,"column":16},"end":{"line":678,"column":37}},"206":{"start":{"line":687,"column":8},"end":{"line":707,"column":11}},"207":{"start":{"line":688,"column":12},"end":{"line":706,"column":19}},"208":{"start":{"line":696,"column":20},"end":{"line":698,"column":21}},"209":{"start":{"line":697,"column":24},"end":{"line":697,"column":46}},"210":{"start":{"line":699,"column":20},"end":{"line":705,"column":21}},"211":{"start":{"line":700,"column":38},"end":{"line":702,"column":26}},"212":{"start":{"line":701,"column":28},"end":{"line":701,"column":94}},"213":{"start":{"line":703,"column":42},"end":{"line":703,"column":78}},"214":{"start":{"line":704,"column":24},"end":{"line":704,"column":43}},"215":{"start":{"line":714,"column":8},"end":{"line":731,"column":11}},"216":{"start":{"line":715,"column":12},"end":{"line":730,"column":19}},"217":{"start":{"line":718,"column":20},"end":{"line":720,"column":21}},"218":{"start":{"line":719,"column":24},"end":{"line":719,"column":53}},"219":{"start":{"line":721,"column":20},"end":{"line":729,"column":21}},"220":{"start":{"line":722,"column":38},"end":{"line":724,"column":26}},"221":{"start":{"line":723,"column":28},"end":{"line":723,"column":86}},"222":{"start":{"line":726,"column":40},"end":{"line":726,"column":76}},"223":{"start":{"line":727,"column":42},"end":{"line":727,"column":78}},"224":{"start":{"line":728,"column":24},"end":{"line":728,"column":73}},"225":{"start":{"line":738,"column":8},"end":{"line":749,"column":11}},"226":{"start":{"line":740,"column":16},"end":{"line":741,"column":92}},"227":{"start":{"line":743,"column":12},"end":{"line":748,"column":13}},"228":{"start":{"line":744,"column":38},"end":{"line":744,"column":63}},"229":{"start":{"line":745,"column":16},"end":{"line":745,"column":39}},"230":{"start":{"line":747,"column":16},"end":{"line":747,"column":37}},"231":{"start":{"line":753,"column":8},"end":{"line":763,"column":11}},"232":{"start":{"line":755,"column":16},"end":{"line":756,"column":89}},"233":{"start":{"line":758,"column":12},"end":{"line":762,"column":13}},"234":{"start":{"line":759,"column":16},"end":{"line":759,"column":43}},"235":{"start":{"line":761,"column":16},"end":{"line":761,"column":37}},"236":{"start":{"line":767,"column":8},"end":{"line":778,"column":11}},"237":{"start":{"line":769,"column":16},"end":{"line":770,"column":90}},"238":{"start":{"line":772,"column":12},"end":{"line":777,"column":13}},"239":{"start":{"line":773,"column":33},"end":{"line":773,"column":58}},"240":{"start":{"line":774,"column":16},"end":{"line":774,"column":34}},"241":{"start":{"line":776,"column":16},"end":{"line":776,"column":37}},"242":{"start":{"line":782,"column":8},"end":{"line":793,"column":11}},"243":{"start":{"line":784,"column":16},"end":{"line":785,"column":98}},"244":{"start":{"line":787,"column":12},"end":{"line":792,"column":13}},"245":{"start":{"line":788,"column":33},"end":{"line":788,"column":58}},"246":{"start":{"line":789,"column":16},"end":{"line":789,"column":34}},"247":{"start":{"line":791,"column":16},"end":{"line":791,"column":37}},"248":{"start":{"line":797,"column":8},"end":{"line":808,"column":11}},"249":{"start":{"line":798,"column":12},"end":{"line":807,"column":19}},"250":{"start":{"line":801,"column":20},"end":{"line":803,"column":21}},"251":{"start":{"line":802,"column":24},"end":{"line":802,"column":46}},"252":{"start":{"line":804,"column":20},"end":{"line":806,"column":21}},"253":{"start":{"line":805,"column":24},"end":{"line":805,"column":34}},"254":{"start":{"line":812,"column":8},"end":{"line":823,"column":11}},"255":{"start":{"line":813,"column":12},"end":{"line":822,"column":19}},"256":{"start":{"line":816,"column":20},"end":{"line":818,"column":21}},"257":{"start":{"line":817,"column":24},"end":{"line":817,"column":46}},"258":{"start":{"line":819,"column":20},"end":{"line":821,"column":21}},"259":{"start":{"line":820,"column":24},"end":{"line":820,"column":34}},"260":{"start":{"line":827,"column":8},"end":{"line":838,"column":11}},"261":{"start":{"line":828,"column":12},"end":{"line":837,"column":19}},"262":{"start":{"line":831,"column":20},"end":{"line":833,"column":21}},"263":{"start":{"line":832,"column":24},"end":{"line":832,"column":46}},"264":{"start":{"line":834,"column":20},"end":{"line":836,"column":21}},"265":{"start":{"line":835,"column":24},"end":{"line":835,"column":34}},"266":{"start":{"line":842,"column":8},"end":{"line":853,"column":11}},"267":{"start":{"line":843,"column":12},"end":{"line":852,"column":19}},"268":{"start":{"line":846,"column":20},"end":{"line":848,"column":21}},"269":{"start":{"line":847,"column":24},"end":{"line":847,"column":46}},"270":{"start":{"line":849,"column":20},"end":{"line":851,"column":21}},"271":{"start":{"line":850,"column":24},"end":{"line":850,"column":34}},"272":{"start":{"line":857,"column":8},"end":{"line":868,"column":11}},"273":{"start":{"line":858,"column":12},"end":{"line":867,"column":19}},"274":{"start":{"line":861,"column":20},"end":{"line":863,"column":21}},"275":{"start":{"line":862,"column":24},"end":{"line":862,"column":46}},"276":{"start":{"line":864,"column":20},"end":{"line":866,"column":21}},"277":{"start":{"line":865,"column":24},"end":{"line":865,"column":34}},"278":{"start":{"line":872,"column":28},"end":{"line":872,"column":32}},"279":{"start":{"line":874,"column":8},"end":{"line":896,"column":9}},"280":{"start":{"line":875,"column":28},"end":{"line":875,"column":74}},"281":{"start":{"line":876,"column":29},"end":{"line":876,"column":53}},"282":{"start":{"line":877,"column":29},"end":{"line":877,"column":53}},"283":{"start":{"line":878,"column":32},"end":{"line":878,"column":56}},"284":{"start":{"line":879,"column":37},"end":{"line":879,"column":61}},"285":{"start":{"line":881,"column":12},"end":{"line":881,"column":105}},"286":{"start":{"line":882,"column":12},"end":{"line":882,"column":105}},"287":{"start":{"line":883,"column":12},"end":{"line":883,"column":107}},"288":{"start":{"line":884,"column":12},"end":{"line":884,"column":107}},"289":{"start":{"line":886,"column":12},"end":{"line":894,"column":13}},"290":{"start":{"line":887,"column":16},"end":{"line":893,"column":18}},"291":{"start":{"line":898,"column":8},"end":{"line":898,"column":29}},"292":{"start":{"line":902,"column":26},"end":{"line":902,"column":44}},"293":{"start":{"line":903,"column":24},"end":{"line":903,"column":60}},"294":{"start":{"line":904,"column":22},"end":{"line":904,"column":100}},"295":{"start":{"line":905,"column":25},"end":{"line":905,"column":99}},"296":{"start":{"line":906,"column":23},"end":{"line":906,"column":75}},"297":{"start":{"line":907,"column":36},"end":{"line":907,"column":38}},"298":{"start":{"line":909,"column":8},"end":{"line":923,"column":11}},"299":{"start":{"line":910,"column":12},"end":{"line":912,"column":13}},"300":{"start":{"line":911,"column":16},"end":{"line":911,"column":23}},"301":{"start":{"line":914,"column":12},"end":{"line":922,"column":15}},"302":{"start":{"line":915,"column":34},"end":{"line":915,"column":48}},"303":{"start":{"line":916,"column":16},"end":{"line":921,"column":19}},"304":{"start":{"line":917,"column":42},"end":{"line":917,"column":90}},"305":{"start":{"line":918,"column":20},"end":{"line":920,"column":21}},"306":{"start":{"line":919,"column":24},"end":{"line":919,"column":64}},"307":{"start":{"line":925,"column":8},"end":{"line":925,"column":35}},"308":{"start":{"line":929,"column":26},"end":{"line":929,"column":44}},"309":{"start":{"line":931,"column":8},"end":{"line":941,"column":11}},"310":{"start":{"line":932,"column":12},"end":{"line":940,"column":15}},"311":{"start":{"line":933,"column":34},"end":{"line":933,"column":40}},"312":{"start":{"line":934,"column":16},"end":{"line":939,"column":19}},"313":{"start":{"line":935,"column":42},"end":{"line":935,"column":90}},"314":{"start":{"line":936,"column":20},"end":{"line":938,"column":21}},"315":{"start":{"line":937,"column":24},"end":{"line":937,"column":48}}},"fnMap":{"0":{"name":"(anonymous_0)","decl":{"start":{"line":20,"column":4},"end":{"line":20,"column":5}},"loc":{"start":{"line":20,"column":49},"end":{"line":30,"column":5}},"line":20},"1":{"name":"(anonymous_1)","decl":{"start":{"line":35,"column":4},"end":{"line":35,"column":5}},"loc":{"start":{"line":35,"column":19},"end":{"line":38,"column":5}},"line":35},"2":{"name":"(anonymous_2)","decl":{"start":{"line":43,"column":4},"end":{"line":43,"column":5}},"loc":{"start":{"line":43,"column":26},"end":{"line":45,"column":5}},"line":43},"3":{"name":"(anonymous_3)","decl":{"start":{"line":51,"column":4},"end":{"line":51,"column":5}},"loc":{"start":{"line":51,"column":19},"end":{"line":63,"column":5}},"line":51},"4":{"name":"(anonymous_4)","decl":{"start":{"line":68,"column":4},"end":{"line":68,"column":5}},"loc":{"start":{"line":68,"column":41},"end":{"line":70,"column":5}},"line":68},"5":{"name":"(anonymous_5)","decl":{"start":{"line":75,"column":4},"end":{"line":75,"column":5}},"loc":{"start":{"line":75,"column":37},"end":{"line":77,"column":5}},"line":75},"6":{"name":"(anonymous_6)","decl":{"start":{"line":82,"column":4},"end":{"line":82,"column":5}},"loc":{"start":{"line":82,"column":70},"end":{"line":99,"column":5}},"line":82},"7":{"name":"(anonymous_7)","decl":{"start":{"line":83,"column":27},"end":{"line":83,"column":28}},"loc":{"start":{"line":83,"column":54},"end":{"line":98,"column":9}},"line":83},"8":{"name":"(anonymous_8)","decl":{"start":{"line":90,"column":41},"end":{"line":90,"column":42}},"loc":{"start":{"line":90,"column":70},"end":{"line":97,"column":17}},"line":90},"9":{"name":"(anonymous_9)","decl":{"start":{"line":104,"column":4},"end":{"line":104,"column":5}},"loc":{"start":{"line":104,"column":30},"end":{"line":117,"column":5}},"line":104},"10":{"name":"(anonymous_10)","decl":{"start":{"line":105,"column":27},"end":{"line":105,"column":28}},"loc":{"start":{"line":105,"column":54},"end":{"line":116,"column":9}},"line":105},"11":{"name":"(anonymous_11)","decl":{"start":{"line":108,"column":41},"end":{"line":108,"column":42}},"loc":{"start":{"line":108,"column":70},"end":{"line":115,"column":17}},"line":108},"12":{"name":"(anonymous_12)","decl":{"start":{"line":122,"column":4},"end":{"line":122,"column":5}},"loc":{"start":{"line":122,"column":28},"end":{"line":135,"column":5}},"line":122},"13":{"name":"(anonymous_13)","decl":{"start":{"line":123,"column":27},"end":{"line":123,"column":28}},"loc":{"start":{"line":123,"column":54},"end":{"line":134,"column":9}},"line":123},"14":{"name":"(anonymous_14)","decl":{"start":{"line":126,"column":41},"end":{"line":126,"column":42}},"loc":{"start":{"line":126,"column":70},"end":{"line":133,"column":17}},"line":126},"15":{"name":"(anonymous_15)","decl":{"start":{"line":140,"column":4},"end":{"line":140,"column":5}},"loc":{"start":{"line":140,"column":26},"end":{"line":155,"column":5}},"line":140},"16":{"name":"(anonymous_16)","decl":{"start":{"line":141,"column":27},"end":{"line":141,"column":28}},"loc":{"start":{"line":141,"column":54},"end":{"line":154,"column":9}},"line":141},"17":{"name":"(anonymous_17)","decl":{"start":{"line":160,"column":4},"end":{"line":160,"column":5}},"loc":{"start":{"line":160,"column":27},"end":{"line":173,"column":5}},"line":160},"18":{"name":"(anonymous_18)","decl":{"start":{"line":161,"column":27},"end":{"line":161,"column":28}},"loc":{"start":{"line":161,"column":54},"end":{"line":172,"column":9}},"line":161},"19":{"name":"(anonymous_19)","decl":{"start":{"line":178,"column":4},"end":{"line":178,"column":5}},"loc":{"start":{"line":178,"column":28},"end":{"line":204,"column":5}},"line":178},"20":{"name":"(anonymous_20)","decl":{"start":{"line":179,"column":27},"end":{"line":179,"column":28}},"loc":{"start":{"line":179,"column":54},"end":{"line":203,"column":9}},"line":179},"21":{"name":"(anonymous_21)","decl":{"start":{"line":186,"column":57},"end":{"line":186,"column":58}},"loc":{"start":{"line":186,"column":71},"end":{"line":197,"column":17}},"line":186},"22":{"name":"(anonymous_22)","decl":{"start":{"line":209,"column":4},"end":{"line":209,"column":5}},"loc":{"start":{"line":209,"column":76},"end":{"line":227,"column":5}},"line":209},"23":{"name":"(anonymous_23)","decl":{"start":{"line":210,"column":27},"end":{"line":210,"column":28}},"loc":{"start":{"line":210,"column":54},"end":{"line":226,"column":9}},"line":210},"24":{"name":"(anonymous_24)","decl":{"start":{"line":218,"column":41},"end":{"line":218,"column":42}},"loc":{"start":{"line":218,"column":70},"end":{"line":225,"column":17}},"line":218},"25":{"name":"(anonymous_25)","decl":{"start":{"line":232,"column":4},"end":{"line":232,"column":5}},"loc":{"start":{"line":232,"column":26},"end":{"line":236,"column":5}},"line":232},"26":{"name":"(anonymous_26)","decl":{"start":{"line":241,"column":4},"end":{"line":241,"column":5}},"loc":{"start":{"line":241,"column":63},"end":{"line":265,"column":5}},"line":241},"27":{"name":"(anonymous_27)","decl":{"start":{"line":244,"column":27},"end":{"line":244,"column":28}},"loc":{"start":{"line":244,"column":54},"end":{"line":264,"column":9}},"line":244},"28":{"name":"(anonymous_28)","decl":{"start":{"line":251,"column":41},"end":{"line":251,"column":42}},"loc":{"start":{"line":251,"column":86},"end":{"line":263,"column":17}},"line":251},"29":{"name":"(anonymous_29)","decl":{"start":{"line":256,"column":61},"end":{"line":256,"column":62}},"loc":{"start":{"line":256,"column":80},"end":{"line":258,"column":25}},"line":256},"30":{"name":"(anonymous_30)","decl":{"start":{"line":270,"column":4},"end":{"line":270,"column":5}},"loc":{"start":{"line":270,"column":20},"end":{"line":283,"column":5}},"line":270},"31":{"name":"(anonymous_31)","decl":{"start":{"line":271,"column":27},"end":{"line":271,"column":28}},"loc":{"start":{"line":271,"column":54},"end":{"line":282,"column":9}},"line":271},"32":{"name":"(anonymous_32)","decl":{"start":{"line":274,"column":41},"end":{"line":274,"column":42}},"loc":{"start":{"line":274,"column":70},"end":{"line":281,"column":17}},"line":274},"33":{"name":"(anonymous_33)","decl":{"start":{"line":288,"column":4},"end":{"line":288,"column":5}},"loc":{"start":{"line":288,"column":48},"end":{"line":301,"column":5}},"line":288},"34":{"name":"(anonymous_34)","decl":{"start":{"line":289,"column":27},"end":{"line":289,"column":28}},"loc":{"start":{"line":289,"column":54},"end":{"line":300,"column":9}},"line":289},"35":{"name":"(anonymous_35)","decl":{"start":{"line":292,"column":41},"end":{"line":292,"column":42}},"loc":{"start":{"line":292,"column":70},"end":{"line":299,"column":17}},"line":292},"36":{"name":"(anonymous_36)","decl":{"start":{"line":306,"column":4},"end":{"line":306,"column":5}},"loc":{"start":{"line":306,"column":43},"end":{"line":319,"column":5}},"line":306},"37":{"name":"(anonymous_37)","decl":{"start":{"line":307,"column":27},"end":{"line":307,"column":28}},"loc":{"start":{"line":307,"column":54},"end":{"line":318,"column":9}},"line":307},"38":{"name":"(anonymous_38)","decl":{"start":{"line":310,"column":41},"end":{"line":310,"column":42}},"loc":{"start":{"line":310,"column":70},"end":{"line":317,"column":17}},"line":310},"39":{"name":"(anonymous_39)","decl":{"start":{"line":324,"column":4},"end":{"line":324,"column":5}},"loc":{"start":{"line":324,"column":43},"end":{"line":337,"column":5}},"line":324},"40":{"name":"(anonymous_40)","decl":{"start":{"line":325,"column":27},"end":{"line":325,"column":28}},"loc":{"start":{"line":325,"column":54},"end":{"line":336,"column":9}},"line":325},"41":{"name":"(anonymous_41)","decl":{"start":{"line":328,"column":41},"end":{"line":328,"column":42}},"loc":{"start":{"line":328,"column":70},"end":{"line":335,"column":17}},"line":328},"42":{"name":"(anonymous_42)","decl":{"start":{"line":342,"column":4},"end":{"line":342,"column":5}},"loc":{"start":{"line":342,"column":30},"end":{"line":355,"column":5}},"line":342},"43":{"name":"(anonymous_43)","decl":{"start":{"line":343,"column":27},"end":{"line":343,"column":28}},"loc":{"start":{"line":343,"column":54},"end":{"line":354,"column":9}},"line":343},"44":{"name":"(anonymous_44)","decl":{"start":{"line":360,"column":4},"end":{"line":360,"column":5}},"loc":{"start":{"line":360,"column":35},"end":{"line":373,"column":5}},"line":360},"45":{"name":"(anonymous_45)","decl":{"start":{"line":361,"column":27},"end":{"line":361,"column":28}},"loc":{"start":{"line":361,"column":54},"end":{"line":372,"column":9}},"line":361},"46":{"name":"(anonymous_46)","decl":{"start":{"line":378,"column":4},"end":{"line":378,"column":5}},"loc":{"start":{"line":378,"column":44},"end":{"line":391,"column":5}},"line":378},"47":{"name":"(anonymous_47)","decl":{"start":{"line":379,"column":27},"end":{"line":379,"column":28}},"loc":{"start":{"line":379,"column":54},"end":{"line":390,"column":9}},"line":379},"48":{"name":"(anonymous_48)","decl":{"start":{"line":382,"column":41},"end":{"line":382,"column":42}},"loc":{"start":{"line":382,"column":70},"end":{"line":389,"column":17}},"line":382},"49":{"name":"(anonymous_49)","decl":{"start":{"line":396,"column":4},"end":{"line":396,"column":5}},"loc":{"start":{"line":396,"column":44},"end":{"line":409,"column":5}},"line":396},"50":{"name":"(anonymous_50)","decl":{"start":{"line":397,"column":27},"end":{"line":397,"column":28}},"loc":{"start":{"line":397,"column":54},"end":{"line":408,"column":9}},"line":397},"51":{"name":"(anonymous_51)","decl":{"start":{"line":400,"column":41},"end":{"line":400,"column":42}},"loc":{"start":{"line":400,"column":70},"end":{"line":407,"column":17}},"line":400},"52":{"name":"(anonymous_52)","decl":{"start":{"line":414,"column":4},"end":{"line":414,"column":5}},"loc":{"start":{"line":414,"column":40},"end":{"line":427,"column":5}},"line":414},"53":{"name":"(anonymous_53)","decl":{"start":{"line":415,"column":27},"end":{"line":415,"column":28}},"loc":{"start":{"line":415,"column":54},"end":{"line":426,"column":9}},"line":415},"54":{"name":"(anonymous_54)","decl":{"start":{"line":418,"column":41},"end":{"line":418,"column":42}},"loc":{"start":{"line":418,"column":70},"end":{"line":425,"column":17}},"line":418},"55":{"name":"(anonymous_55)","decl":{"start":{"line":432,"column":4},"end":{"line":432,"column":5}},"loc":{"start":{"line":432,"column":27},"end":{"line":445,"column":5}},"line":432},"56":{"name":"(anonymous_56)","decl":{"start":{"line":433,"column":27},"end":{"line":433,"column":28}},"loc":{"start":{"line":433,"column":54},"end":{"line":444,"column":9}},"line":433},"57":{"name":"(anonymous_57)","decl":{"start":{"line":450,"column":4},"end":{"line":450,"column":5}},"loc":{"start":{"line":450,"column":27},"end":{"line":463,"column":5}},"line":450},"58":{"name":"(anonymous_58)","decl":{"start":{"line":451,"column":27},"end":{"line":451,"column":28}},"loc":{"start":{"line":451,"column":54},"end":{"line":462,"column":9}},"line":451},"59":{"name":"(anonymous_59)","decl":{"start":{"line":468,"column":4},"end":{"line":468,"column":5}},"loc":{"start":{"line":468,"column":27},"end":{"line":489,"column":5}},"line":468},"60":{"name":"(anonymous_60)","decl":{"start":{"line":469,"column":27},"end":{"line":469,"column":28}},"loc":{"start":{"line":469,"column":54},"end":{"line":488,"column":9}},"line":469},"61":{"name":"(anonymous_61)","decl":{"start":{"line":476,"column":61},"end":{"line":476,"column":62}},"loc":{"start":{"line":476,"column":72},"end":{"line":482,"column":17}},"line":476},"62":{"name":"(anonymous_62)","decl":{"start":{"line":494,"column":4},"end":{"line":494,"column":5}},"loc":{"start":{"line":495,"column":36},"end":{"line":529,"column":5}},"line":495},"63":{"name":"(anonymous_63)","decl":{"start":{"line":497,"column":27},"end":{"line":497,"column":28}},"loc":{"start":{"line":497,"column":54},"end":{"line":528,"column":9}},"line":497},"64":{"name":"(anonymous_64)","decl":{"start":{"line":534,"column":4},"end":{"line":534,"column":5}},"loc":{"start":{"line":534,"column":28},"end":{"line":548,"column":5}},"line":534},"65":{"name":"(anonymous_65)","decl":{"start":{"line":535,"column":27},"end":{"line":535,"column":28}},"loc":{"start":{"line":535,"column":54},"end":{"line":547,"column":9}},"line":535},"66":{"name":"(anonymous_66)","decl":{"start":{"line":553,"column":4},"end":{"line":553,"column":5}},"loc":{"start":{"line":553,"column":39},"end":{"line":566,"column":5}},"line":553},"67":{"name":"(anonymous_67)","decl":{"start":{"line":554,"column":27},"end":{"line":554,"column":28}},"loc":{"start":{"line":554,"column":54},"end":{"line":565,"column":9}},"line":554},"68":{"name":"(anonymous_68)","decl":{"start":{"line":557,"column":41},"end":{"line":557,"column":42}},"loc":{"start":{"line":557,"column":70},"end":{"line":564,"column":17}},"line":557},"69":{"name":"(anonymous_69)","decl":{"start":{"line":571,"column":4},"end":{"line":571,"column":5}},"loc":{"start":{"line":571,"column":33},"end":{"line":584,"column":5}},"line":571},"70":{"name":"(anonymous_70)","decl":{"start":{"line":572,"column":27},"end":{"line":572,"column":28}},"loc":{"start":{"line":572,"column":54},"end":{"line":583,"column":9}},"line":572},"71":{"name":"(anonymous_71)","decl":{"start":{"line":575,"column":41},"end":{"line":575,"column":42}},"loc":{"start":{"line":575,"column":70},"end":{"line":582,"column":17}},"line":575},"72":{"name":"(anonymous_72)","decl":{"start":{"line":589,"column":4},"end":{"line":589,"column":5}},"loc":{"start":{"line":589,"column":31},"end":{"line":602,"column":5}},"line":589},"73":{"name":"(anonymous_73)","decl":{"start":{"line":590,"column":27},"end":{"line":590,"column":28}},"loc":{"start":{"line":590,"column":54},"end":{"line":601,"column":9}},"line":590},"74":{"name":"(anonymous_74)","decl":{"start":{"line":593,"column":41},"end":{"line":593,"column":42}},"loc":{"start":{"line":593,"column":70},"end":{"line":600,"column":17}},"line":593},"75":{"name":"(anonymous_75)","decl":{"start":{"line":604,"column":4},"end":{"line":604,"column":5}},"loc":{"start":{"line":604,"column":44},"end":{"line":610,"column":5}},"line":604},"76":{"name":"(anonymous_76)","decl":{"start":{"line":605,"column":33},"end":{"line":605,"column":34}},"loc":{"start":{"line":605,"column":45},"end":{"line":609,"column":9}},"line":605},"77":{"name":"(anonymous_77)","decl":{"start":{"line":615,"column":4},"end":{"line":615,"column":5}},"loc":{"start":{"line":615,"column":31},"end":{"line":627,"column":5}},"line":615},"78":{"name":"(anonymous_78)","decl":{"start":{"line":616,"column":27},"end":{"line":616,"column":28}},"loc":{"start":{"line":616,"column":54},"end":{"line":626,"column":9}},"line":616},"79":{"name":"(anonymous_79)","decl":{"start":{"line":632,"column":4},"end":{"line":632,"column":5}},"loc":{"start":{"line":632,"column":28},"end":{"line":645,"column":5}},"line":632},"80":{"name":"(anonymous_80)","decl":{"start":{"line":633,"column":27},"end":{"line":633,"column":28}},"loc":{"start":{"line":633,"column":54},"end":{"line":644,"column":9}},"line":633},"81":{"name":"(anonymous_81)","decl":{"start":{"line":650,"column":4},"end":{"line":650,"column":5}},"loc":{"start":{"line":650,"column":34},"end":{"line":663,"column":5}},"line":650},"82":{"name":"(anonymous_82)","decl":{"start":{"line":651,"column":27},"end":{"line":651,"column":28}},"loc":{"start":{"line":651,"column":54},"end":{"line":662,"column":9}},"line":651},"83":{"name":"(anonymous_83)","decl":{"start":{"line":668,"column":4},"end":{"line":668,"column":5}},"loc":{"start":{"line":668,"column":25},"end":{"line":681,"column":5}},"line":668},"84":{"name":"(anonymous_84)","decl":{"start":{"line":669,"column":27},"end":{"line":669,"column":28}},"loc":{"start":{"line":669,"column":54},"end":{"line":680,"column":9}},"line":669},"85":{"name":"(anonymous_85)","decl":{"start":{"line":686,"column":4},"end":{"line":686,"column":5}},"loc":{"start":{"line":686,"column":72},"end":{"line":708,"column":5}},"line":686},"86":{"name":"(anonymous_86)","decl":{"start":{"line":687,"column":27},"end":{"line":687,"column":28}},"loc":{"start":{"line":687,"column":54},"end":{"line":707,"column":9}},"line":687},"87":{"name":"(anonymous_87)","decl":{"start":{"line":695,"column":41},"end":{"line":695,"column":42}},"loc":{"start":{"line":695,"column":86},"end":{"line":706,"column":17}},"line":695},"88":{"name":"(anonymous_88)","decl":{"start":{"line":700,"column":61},"end":{"line":700,"column":62}},"loc":{"start":{"line":700,"column":80},"end":{"line":702,"column":25}},"line":700},"89":{"name":"(anonymous_89)","decl":{"start":{"line":713,"column":4},"end":{"line":713,"column":5}},"loc":{"start":{"line":713,"column":24},"end":{"line":732,"column":5}},"line":713},"90":{"name":"(anonymous_90)","decl":{"start":{"line":714,"column":27},"end":{"line":714,"column":28}},"loc":{"start":{"line":714,"column":54},"end":{"line":731,"column":9}},"line":714},"91":{"name":"(anonymous_91)","decl":{"start":{"line":717,"column":41},"end":{"line":717,"column":42}},"loc":{"start":{"line":717,"column":86},"end":{"line":730,"column":17}},"line":717},"92":{"name":"(anonymous_92)","decl":{"start":{"line":722,"column":61},"end":{"line":722,"column":62}},"loc":{"start":{"line":722,"column":80},"end":{"line":724,"column":25}},"line":722},"93":{"name":"(anonymous_93)","decl":{"start":{"line":737,"column":4},"end":{"line":737,"column":5}},"loc":{"start":{"line":737,"column":29},"end":{"line":750,"column":5}},"line":737},"94":{"name":"(anonymous_94)","decl":{"start":{"line":738,"column":27},"end":{"line":738,"column":28}},"loc":{"start":{"line":738,"column":54},"end":{"line":749,"column":9}},"line":738},"95":{"name":"(anonymous_95)","decl":{"start":{"line":752,"column":4},"end":{"line":752,"column":5}},"loc":{"start":{"line":752,"column":26},"end":{"line":764,"column":5}},"line":752},"96":{"name":"(anonymous_96)","decl":{"start":{"line":753,"column":27},"end":{"line":753,"column":28}},"loc":{"start":{"line":753,"column":54},"end":{"line":763,"column":9}},"line":753},"97":{"name":"(anonymous_97)","decl":{"start":{"line":766,"column":4},"end":{"line":766,"column":5}},"loc":{"start":{"line":766,"column":27},"end":{"line":779,"column":5}},"line":766},"98":{"name":"(anonymous_98)","decl":{"start":{"line":767,"column":27},"end":{"line":767,"column":28}},"loc":{"start":{"line":767,"column":54},"end":{"line":778,"column":9}},"line":767},"99":{"name":"(anonymous_99)","decl":{"start":{"line":781,"column":4},"end":{"line":781,"column":5}},"loc":{"start":{"line":781,"column":35},"end":{"line":794,"column":5}},"line":781},"100":{"name":"(anonymous_100)","decl":{"start":{"line":782,"column":27},"end":{"line":782,"column":28}},"loc":{"start":{"line":782,"column":54},"end":{"line":793,"column":9}},"line":782},"101":{"name":"(anonymous_101)","decl":{"start":{"line":796,"column":4},"end":{"line":796,"column":5}},"loc":{"start":{"line":796,"column":23},"end":{"line":809,"column":5}},"line":796},"102":{"name":"(anonymous_102)","decl":{"start":{"line":797,"column":27},"end":{"line":797,"column":28}},"loc":{"start":{"line":797,"column":54},"end":{"line":808,"column":9}},"line":797},"103":{"name":"(anonymous_103)","decl":{"start":{"line":800,"column":41},"end":{"line":800,"column":42}},"loc":{"start":{"line":800,"column":70},"end":{"line":807,"column":17}},"line":800},"104":{"name":"(anonymous_104)","decl":{"start":{"line":811,"column":4},"end":{"line":811,"column":5}},"loc":{"start":{"line":811,"column":45},"end":{"line":824,"column":5}},"line":811},"105":{"name":"(anonymous_105)","decl":{"start":{"line":812,"column":27},"end":{"line":812,"column":28}},"loc":{"start":{"line":812,"column":54},"end":{"line":823,"column":9}},"line":812},"106":{"name":"(anonymous_106)","decl":{"start":{"line":815,"column":41},"end":{"line":815,"column":42}},"loc":{"start":{"line":815,"column":70},"end":{"line":822,"column":17}},"line":815},"107":{"name":"(anonymous_107)","decl":{"start":{"line":826,"column":4},"end":{"line":826,"column":5}},"loc":{"start":{"line":826,"column":36},"end":{"line":839,"column":5}},"line":826},"108":{"name":"(anonymous_108)","decl":{"start":{"line":827,"column":27},"end":{"line":827,"column":28}},"loc":{"start":{"line":827,"column":54},"end":{"line":838,"column":9}},"line":827},"109":{"name":"(anonymous_109)","decl":{"start":{"line":830,"column":41},"end":{"line":830,"column":42}},"loc":{"start":{"line":830,"column":70},"end":{"line":837,"column":17}},"line":830},"110":{"name":"(anonymous_110)","decl":{"start":{"line":841,"column":4},"end":{"line":841,"column":5}},"loc":{"start":{"line":841,"column":54},"end":{"line":854,"column":5}},"line":841},"111":{"name":"(anonymous_111)","decl":{"start":{"line":842,"column":27},"end":{"line":842,"column":28}},"loc":{"start":{"line":842,"column":54},"end":{"line":853,"column":9}},"line":842},"112":{"name":"(anonymous_112)","decl":{"start":{"line":845,"column":41},"end":{"line":845,"column":42}},"loc":{"start":{"line":845,"column":70},"end":{"line":852,"column":17}},"line":845},"113":{"name":"(anonymous_113)","decl":{"start":{"line":856,"column":4},"end":{"line":856,"column":5}},"loc":{"start":{"line":856,"column":33},"end":{"line":869,"column":5}},"line":856},"114":{"name":"(anonymous_114)","decl":{"start":{"line":857,"column":27},"end":{"line":857,"column":28}},"loc":{"start":{"line":857,"column":54},"end":{"line":868,"column":9}},"line":857},"115":{"name":"(anonymous_115)","decl":{"start":{"line":860,"column":41},"end":{"line":860,"column":42}},"loc":{"start":{"line":860,"column":70},"end":{"line":867,"column":17}},"line":860},"116":{"name":"(anonymous_116)","decl":{"start":{"line":871,"column":4},"end":{"line":871,"column":5}},"loc":{"start":{"line":871,"column":48},"end":{"line":899,"column":5}},"line":871},"117":{"name":"(anonymous_117)","decl":{"start":{"line":901,"column":4},"end":{"line":901,"column":5}},"loc":{"start":{"line":901,"column":41},"end":{"line":926,"column":5}},"line":901},"118":{"name":"(anonymous_118)","decl":{"start":{"line":909,"column":23},"end":{"line":909,"column":24}},"loc":{"start":{"line":909,"column":35},"end":{"line":923,"column":9}},"line":909},"119":{"name":"(anonymous_119)","decl":{"start":{"line":914,"column":30},"end":{"line":914,"column":31}},"loc":{"start":{"line":914,"column":50},"end":{"line":922,"column":13}},"line":914},"120":{"name":"(anonymous_120)","decl":{"start":{"line":916,"column":35},"end":{"line":916,"column":36}},"loc":{"start":{"line":916,"column":45},"end":{"line":921,"column":17}},"line":916},"121":{"name":"(anonymous_121)","decl":{"start":{"line":928,"column":4},"end":{"line":928,"column":5}},"loc":{"start":{"line":928,"column":51},"end":{"line":942,"column":5}},"line":928},"122":{"name":"(anonymous_122)","decl":{"start":{"line":931,"column":44},"end":{"line":931,"column":45}},"loc":{"start":{"line":931,"column":56},"end":{"line":941,"column":9}},"line":931},"123":{"name":"(anonymous_123)","decl":{"start":{"line":932,"column":27},"end":{"line":932,"column":28}},"loc":{"start":{"line":932,"column":39},"end":{"line":940,"column":13}},"line":932},"124":{"name":"(anonymous_124)","decl":{"start":{"line":934,"column":35},"end":{"line":934,"column":36}},"loc":{"start":{"line":934,"column":45},"end":{"line":939,"column":17}},"line":934}},"branchMap":{"0":{"loc":{"start":{"line":25,"column":8},"end":{"line":29,"column":9}},"type":"if","locations":[{"start":{"line":25,"column":8},"end":{"line":29,"column":9}},{"start":{"line":25,"column":8},"end":{"line":29,"column":9}}],"line":25},"1":{"loc":{"start":{"line":44,"column":15},"end":{"line":44,"column":64}},"type":"binary-expr","locations":[{"start":{"line":44,"column":15},"end":{"line":44,"column":36}},{"start":{"line":44,"column":40},"end":{"line":44,"column":64}}],"line":44},"2":{"loc":{"start":{"line":69,"column":15},"end":{"line":69,"column":88}},"type":"binary-expr","locations":[{"start":{"line":69,"column":15},"end":{"line":69,"column":23}},{"start":{"line":69,"column":27},"end":{"line":69,"column":88}}],"line":69},"3":{"loc":{"start":{"line":76,"column":15},"end":{"line":76,"column":72}},"type":"binary-expr","locations":[{"start":{"line":76,"column":15},"end":{"line":76,"column":23}},{"start":{"line":76,"column":27},"end":{"line":76,"column":72}}],"line":76},"4":{"loc":{"start":{"line":91,"column":20},"end":{"line":93,"column":21}},"type":"if","locations":[{"start":{"line":91,"column":20},"end":{"line":93,"column":21}},{"start":{"line":91,"column":20},"end":{"line":93,"column":21}}],"line":91},"5":{"loc":{"start":{"line":94,"column":20},"end":{"line":96,"column":21}},"type":"if","locations":[{"start":{"line":94,"column":20},"end":{"line":96,"column":21}},{"start":{"line":94,"column":20},"end":{"line":96,"column":21}}],"line":94},"6":{"loc":{"start":{"line":94,"column":24},"end":{"line":94,"column":62}},"type":"binary-expr","locations":[{"start":{"line":94,"column":24},"end":{"line":94,"column":40}},{"start":{"line":94,"column":44},"end":{"line":94,"column":62}}],"line":94},"7":{"loc":{"start":{"line":109,"column":20},"end":{"line":111,"column":21}},"type":"if","locations":[{"start":{"line":109,"column":20},"end":{"line":111,"column":21}},{"start":{"line":109,"column":20},"end":{"line":111,"column":21}}],"line":109},"8":{"loc":{"start":{"line":112,"column":20},"end":{"line":114,"column":21}},"type":"if","locations":[{"start":{"line":112,"column":20},"end":{"line":114,"column":21}},{"start":{"line":112,"column":20},"end":{"line":114,"column":21}}],"line":112},"9":{"loc":{"start":{"line":112,"column":24},"end":{"line":112,"column":62}},"type":"binary-expr","locations":[{"start":{"line":112,"column":24},"end":{"line":112,"column":40}},{"start":{"line":112,"column":44},"end":{"line":112,"column":62}}],"line":112},"10":{"loc":{"start":{"line":127,"column":20},"end":{"line":129,"column":21}},"type":"if","locations":[{"start":{"line":127,"column":20},"end":{"line":129,"column":21}},{"start":{"line":127,"column":20},"end":{"line":129,"column":21}}],"line":127},"11":{"loc":{"start":{"line":130,"column":20},"end":{"line":132,"column":21}},"type":"if","locations":[{"start":{"line":130,"column":20},"end":{"line":132,"column":21}},{"start":{"line":130,"column":20},"end":{"line":132,"column":21}}],"line":130},"12":{"loc":{"start":{"line":130,"column":24},"end":{"line":130,"column":62}},"type":"binary-expr","locations":[{"start":{"line":130,"column":24},"end":{"line":130,"column":40}},{"start":{"line":130,"column":44},"end":{"line":130,"column":62}}],"line":130},"13":{"loc":{"start":{"line":146,"column":12},"end":{"line":153,"column":13}},"type":"if","locations":[{"start":{"line":146,"column":12},"end":{"line":153,"column":13}},{"start":{"line":146,"column":12},"end":{"line":153,"column":13}}],"line":146},"14":{"loc":{"start":{"line":147,"column":32},"end":{"line":147,"column":57}},"type":"binary-expr","locations":[{"start":{"line":147,"column":32},"end":{"line":147,"column":38}},{"start":{"line":147,"column":42},"end":{"line":147,"column":57}}],"line":147},"15":{"loc":{"start":{"line":166,"column":12},"end":{"line":171,"column":13}},"type":"if","locations":[{"start":{"line":166,"column":12},"end":{"line":171,"column":13}},{"start":{"line":166,"column":12},"end":{"line":171,"column":13}}],"line":166},"16":{"loc":{"start":{"line":167,"column":30},"end":{"line":167,"column":55}},"type":"binary-expr","locations":[{"start":{"line":167,"column":30},"end":{"line":167,"column":36}},{"start":{"line":167,"column":40},"end":{"line":167,"column":55}}],"line":167},"17":{"loc":{"start":{"line":184,"column":12},"end":{"line":202,"column":13}},"type":"if","locations":[{"start":{"line":184,"column":12},"end":{"line":202,"column":13}},{"start":{"line":184,"column":12},"end":{"line":202,"column":13}}],"line":184},"18":{"loc":{"start":{"line":185,"column":34},"end":{"line":185,"column":59}},"type":"binary-expr","locations":[{"start":{"line":185,"column":34},"end":{"line":185,"column":40}},{"start":{"line":185,"column":44},"end":{"line":185,"column":59}}],"line":185},"19":{"loc":{"start":{"line":219,"column":20},"end":{"line":221,"column":21}},"type":"if","locations":[{"start":{"line":219,"column":20},"end":{"line":221,"column":21}},{"start":{"line":219,"column":20},"end":{"line":221,"column":21}}],"line":219},"20":{"loc":{"start":{"line":222,"column":20},"end":{"line":224,"column":21}},"type":"if","locations":[{"start":{"line":222,"column":20},"end":{"line":224,"column":21}},{"start":{"line":222,"column":20},"end":{"line":224,"column":21}}],"line":222},"21":{"loc":{"start":{"line":222,"column":24},"end":{"line":222,"column":62}},"type":"binary-expr","locations":[{"start":{"line":222,"column":24},"end":{"line":222,"column":40}},{"start":{"line":222,"column":44},"end":{"line":222,"column":62}}],"line":222},"22":{"loc":{"start":{"line":233,"column":15},"end":{"line":235,"column":34}},"type":"cond-expr","locations":[{"start":{"line":234,"column":14},"end":{"line":234,"column":17}},{"start":{"line":235,"column":14},"end":{"line":235,"column":34}}],"line":233},"23":{"loc":{"start":{"line":252,"column":20},"end":{"line":254,"column":21}},"type":"if","locations":[{"start":{"line":252,"column":20},"end":{"line":254,"column":21}},{"start":{"line":252,"column":20},"end":{"line":254,"column":21}}],"line":252},"24":{"loc":{"start":{"line":255,"column":20},"end":{"line":262,"column":21}},"type":"if","locations":[{"start":{"line":255,"column":20},"end":{"line":262,"column":21}},{"start":{"line":255,"column":20},"end":{"line":262,"column":21}}],"line":255},"25":{"loc":{"start":{"line":255,"column":24},"end":{"line":255,"column":62}},"type":"binary-expr","locations":[{"start":{"line":255,"column":24},"end":{"line":255,"column":40}},{"start":{"line":255,"column":44},"end":{"line":255,"column":62}}],"line":255},"26":{"loc":{"start":{"line":259,"column":42},"end":{"line":259,"column":78}},"type":"binary-expr","locations":[{"start":{"line":259,"column":42},"end":{"line":259,"column":47}},{"start":{"line":259,"column":51},"end":{"line":259,"column":61}},{"start":{"line":259,"column":65},"end":{"line":259,"column":78}}],"line":259},"27":{"loc":{"start":{"line":260,"column":39},"end":{"line":260,"column":75}},"type":"binary-expr","locations":[{"start":{"line":260,"column":39},"end":{"line":260,"column":44}},{"start":{"line":260,"column":48},"end":{"line":260,"column":58}},{"start":{"line":260,"column":62},"end":{"line":260,"column":75}}],"line":260},"28":{"loc":{"start":{"line":261,"column":44},"end":{"line":261,"column":71}},"type":"binary-expr","locations":[{"start":{"line":261,"column":44},"end":{"line":261,"column":50}},{"start":{"line":261,"column":54},"end":{"line":261,"column":71}}],"line":261},"29":{"loc":{"start":{"line":275,"column":20},"end":{"line":277,"column":21}},"type":"if","locations":[{"start":{"line":275,"column":20},"end":{"line":277,"column":21}},{"start":{"line":275,"column":20},"end":{"line":277,"column":21}}],"line":275},"30":{"loc":{"start":{"line":278,"column":20},"end":{"line":280,"column":21}},"type":"if","locations":[{"start":{"line":278,"column":20},"end":{"line":280,"column":21}},{"start":{"line":278,"column":20},"end":{"line":280,"column":21}}],"line":278},"31":{"loc":{"start":{"line":278,"column":24},"end":{"line":278,"column":62}},"type":"binary-expr","locations":[{"start":{"line":278,"column":24},"end":{"line":278,"column":40}},{"start":{"line":278,"column":44},"end":{"line":278,"column":62}}],"line":278},"32":{"loc":{"start":{"line":293,"column":20},"end":{"line":295,"column":21}},"type":"if","locations":[{"start":{"line":293,"column":20},"end":{"line":295,"column":21}},{"start":{"line":293,"column":20},"end":{"line":295,"column":21}}],"line":293},"33":{"loc":{"start":{"line":296,"column":20},"end":{"line":298,"column":21}},"type":"if","locations":[{"start":{"line":296,"column":20},"end":{"line":298,"column":21}},{"start":{"line":296,"column":20},"end":{"line":298,"column":21}}],"line":296},"34":{"loc":{"start":{"line":296,"column":24},"end":{"line":296,"column":62}},"type":"binary-expr","locations":[{"start":{"line":296,"column":24},"end":{"line":296,"column":40}},{"start":{"line":296,"column":44},"end":{"line":296,"column":62}}],"line":296},"35":{"loc":{"start":{"line":311,"column":20},"end":{"line":313,"column":21}},"type":"if","locations":[{"start":{"line":311,"column":20},"end":{"line":313,"column":21}},{"start":{"line":311,"column":20},"end":{"line":313,"column":21}}],"line":311},"36":{"loc":{"start":{"line":314,"column":20},"end":{"line":316,"column":21}},"type":"if","locations":[{"start":{"line":314,"column":20},"end":{"line":316,"column":21}},{"start":{"line":314,"column":20},"end":{"line":316,"column":21}}],"line":314},"37":{"loc":{"start":{"line":314,"column":24},"end":{"line":314,"column":62}},"type":"binary-expr","locations":[{"start":{"line":314,"column":24},"end":{"line":314,"column":40}},{"start":{"line":314,"column":44},"end":{"line":314,"column":62}}],"line":314},"38":{"loc":{"start":{"line":329,"column":20},"end":{"line":331,"column":21}},"type":"if","locations":[{"start":{"line":329,"column":20},"end":{"line":331,"column":21}},{"start":{"line":329,"column":20},"end":{"line":331,"column":21}}],"line":329},"39":{"loc":{"start":{"line":332,"column":20},"end":{"line":334,"column":21}},"type":"if","locations":[{"start":{"line":332,"column":20},"end":{"line":334,"column":21}},{"start":{"line":332,"column":20},"end":{"line":334,"column":21}}],"line":332},"40":{"loc":{"start":{"line":332,"column":24},"end":{"line":332,"column":62}},"type":"binary-expr","locations":[{"start":{"line":332,"column":24},"end":{"line":332,"column":40}},{"start":{"line":332,"column":44},"end":{"line":332,"column":62}}],"line":332},"41":{"loc":{"start":{"line":348,"column":12},"end":{"line":353,"column":13}},"type":"if","locations":[{"start":{"line":348,"column":12},"end":{"line":353,"column":13}},{"start":{"line":348,"column":12},"end":{"line":353,"column":13}}],"line":348},"42":{"loc":{"start":{"line":349,"column":30},"end":{"line":349,"column":55}},"type":"binary-expr","locations":[{"start":{"line":349,"column":30},"end":{"line":349,"column":36}},{"start":{"line":349,"column":40},"end":{"line":349,"column":55}}],"line":349},"43":{"loc":{"start":{"line":366,"column":12},"end":{"line":371,"column":13}},"type":"if","locations":[{"start":{"line":366,"column":12},"end":{"line":371,"column":13}},{"start":{"line":366,"column":12},"end":{"line":371,"column":13}}],"line":366},"44":{"loc":{"start":{"line":367,"column":30},"end":{"line":367,"column":55}},"type":"binary-expr","locations":[{"start":{"line":367,"column":30},"end":{"line":367,"column":36}},{"start":{"line":367,"column":40},"end":{"line":367,"column":55}}],"line":367},"45":{"loc":{"start":{"line":383,"column":20},"end":{"line":385,"column":21}},"type":"if","locations":[{"start":{"line":383,"column":20},"end":{"line":385,"column":21}},{"start":{"line":383,"column":20},"end":{"line":385,"column":21}}],"line":383},"46":{"loc":{"start":{"line":386,"column":20},"end":{"line":388,"column":21}},"type":"if","locations":[{"start":{"line":386,"column":20},"end":{"line":388,"column":21}},{"start":{"line":386,"column":20},"end":{"line":388,"column":21}}],"line":386},"47":{"loc":{"start":{"line":386,"column":24},"end":{"line":386,"column":62}},"type":"binary-expr","locations":[{"start":{"line":386,"column":24},"end":{"line":386,"column":40}},{"start":{"line":386,"column":44},"end":{"line":386,"column":62}}],"line":386},"48":{"loc":{"start":{"line":401,"column":20},"end":{"line":403,"column":21}},"type":"if","locations":[{"start":{"line":401,"column":20},"end":{"line":403,"column":21}},{"start":{"line":401,"column":20},"end":{"line":403,"column":21}}],"line":401},"49":{"loc":{"start":{"line":404,"column":20},"end":{"line":406,"column":21}},"type":"if","locations":[{"start":{"line":404,"column":20},"end":{"line":406,"column":21}},{"start":{"line":404,"column":20},"end":{"line":406,"column":21}}],"line":404},"50":{"loc":{"start":{"line":404,"column":24},"end":{"line":404,"column":62}},"type":"binary-expr","locations":[{"start":{"line":404,"column":24},"end":{"line":404,"column":40}},{"start":{"line":404,"column":44},"end":{"line":404,"column":62}}],"line":404},"51":{"loc":{"start":{"line":419,"column":20},"end":{"line":421,"column":21}},"type":"if","locations":[{"start":{"line":419,"column":20},"end":{"line":421,"column":21}},{"start":{"line":419,"column":20},"end":{"line":421,"column":21}}],"line":419},"52":{"loc":{"start":{"line":422,"column":20},"end":{"line":424,"column":21}},"type":"if","locations":[{"start":{"line":422,"column":20},"end":{"line":424,"column":21}},{"start":{"line":422,"column":20},"end":{"line":424,"column":21}}],"line":422},"53":{"loc":{"start":{"line":422,"column":24},"end":{"line":422,"column":62}},"type":"binary-expr","locations":[{"start":{"line":422,"column":24},"end":{"line":422,"column":40}},{"start":{"line":422,"column":44},"end":{"line":422,"column":62}}],"line":422},"54":{"loc":{"start":{"line":438,"column":12},"end":{"line":443,"column":13}},"type":"if","locations":[{"start":{"line":438,"column":12},"end":{"line":443,"column":13}},{"start":{"line":438,"column":12},"end":{"line":443,"column":13}}],"line":438},"55":{"loc":{"start":{"line":439,"column":30},"end":{"line":439,"column":55}},"type":"binary-expr","locations":[{"start":{"line":439,"column":30},"end":{"line":439,"column":36}},{"start":{"line":439,"column":40},"end":{"line":439,"column":55}}],"line":439},"56":{"loc":{"start":{"line":456,"column":12},"end":{"line":461,"column":13}},"type":"if","locations":[{"start":{"line":456,"column":12},"end":{"line":461,"column":13}},{"start":{"line":456,"column":12},"end":{"line":461,"column":13}}],"line":456},"57":{"loc":{"start":{"line":457,"column":30},"end":{"line":457,"column":55}},"type":"binary-expr","locations":[{"start":{"line":457,"column":30},"end":{"line":457,"column":36}},{"start":{"line":457,"column":40},"end":{"line":457,"column":55}}],"line":457},"58":{"loc":{"start":{"line":474,"column":12},"end":{"line":487,"column":13}},"type":"if","locations":[{"start":{"line":474,"column":12},"end":{"line":487,"column":13}},{"start":{"line":474,"column":12},"end":{"line":487,"column":13}}],"line":474},"59":{"loc":{"start":{"line":475,"column":36},"end":{"line":475,"column":61}},"type":"binary-expr","locations":[{"start":{"line":475,"column":36},"end":{"line":475,"column":42}},{"start":{"line":475,"column":46},"end":{"line":475,"column":61}}],"line":475},"60":{"loc":{"start":{"line":510,"column":12},"end":{"line":527,"column":13}},"type":"if","locations":[{"start":{"line":510,"column":12},"end":{"line":527,"column":13}},{"start":{"line":510,"column":12},"end":{"line":527,"column":13}}],"line":510},"61":{"loc":{"start":{"line":540,"column":12},"end":{"line":546,"column":13}},"type":"if","locations":[{"start":{"line":540,"column":12},"end":{"line":546,"column":13}},{"start":{"line":540,"column":12},"end":{"line":546,"column":13}}],"line":540},"62":{"loc":{"start":{"line":541,"column":31},"end":{"line":541,"column":56}},"type":"binary-expr","locations":[{"start":{"line":541,"column":31},"end":{"line":541,"column":37}},{"start":{"line":541,"column":41},"end":{"line":541,"column":56}}],"line":541},"63":{"loc":{"start":{"line":558,"column":20},"end":{"line":560,"column":21}},"type":"if","locations":[{"start":{"line":558,"column":20},"end":{"line":560,"column":21}},{"start":{"line":558,"column":20},"end":{"line":560,"column":21}}],"line":558},"64":{"loc":{"start":{"line":561,"column":20},"end":{"line":563,"column":21}},"type":"if","locations":[{"start":{"line":561,"column":20},"end":{"line":563,"column":21}},{"start":{"line":561,"column":20},"end":{"line":563,"column":21}}],"line":561},"65":{"loc":{"start":{"line":561,"column":24},"end":{"line":561,"column":62}},"type":"binary-expr","locations":[{"start":{"line":561,"column":24},"end":{"line":561,"column":40}},{"start":{"line":561,"column":44},"end":{"line":561,"column":62}}],"line":561},"66":{"loc":{"start":{"line":574,"column":41},"end":{"line":574,"column":68}},"type":"cond-expr","locations":[{"start":{"line":574,"column":50},"end":{"line":574,"column":51}},{"start":{"line":574,"column":54},"end":{"line":574,"column":68}}],"line":574},"67":{"loc":{"start":{"line":576,"column":20},"end":{"line":578,"column":21}},"type":"if","locations":[{"start":{"line":576,"column":20},"end":{"line":578,"column":21}},{"start":{"line":576,"column":20},"end":{"line":578,"column":21}}],"line":576},"68":{"loc":{"start":{"line":579,"column":20},"end":{"line":581,"column":21}},"type":"if","locations":[{"start":{"line":579,"column":20},"end":{"line":581,"column":21}},{"start":{"line":579,"column":20},"end":{"line":581,"column":21}}],"line":579},"69":{"loc":{"start":{"line":579,"column":24},"end":{"line":579,"column":62}},"type":"binary-expr","locations":[{"start":{"line":579,"column":24},"end":{"line":579,"column":40}},{"start":{"line":579,"column":44},"end":{"line":579,"column":62}}],"line":579},"70":{"loc":{"start":{"line":594,"column":20},"end":{"line":596,"column":21}},"type":"if","locations":[{"start":{"line":594,"column":20},"end":{"line":596,"column":21}},{"start":{"line":594,"column":20},"end":{"line":596,"column":21}}],"line":594},"71":{"loc":{"start":{"line":597,"column":20},"end":{"line":599,"column":21}},"type":"if","locations":[{"start":{"line":597,"column":20},"end":{"line":599,"column":21}},{"start":{"line":597,"column":20},"end":{"line":599,"column":21}}],"line":597},"72":{"loc":{"start":{"line":597,"column":24},"end":{"line":597,"column":62}},"type":"binary-expr","locations":[{"start":{"line":597,"column":24},"end":{"line":597,"column":40}},{"start":{"line":597,"column":44},"end":{"line":597,"column":62}}],"line":597},"73":{"loc":{"start":{"line":621,"column":12},"end":{"line":625,"column":13}},"type":"if","locations":[{"start":{"line":621,"column":12},"end":{"line":625,"column":13}},{"start":{"line":621,"column":12},"end":{"line":625,"column":13}}],"line":621},"74":{"loc":{"start":{"line":622,"column":24},"end":{"line":622,"column":49}},"type":"binary-expr","locations":[{"start":{"line":622,"column":24},"end":{"line":622,"column":30}},{"start":{"line":622,"column":34},"end":{"line":622,"column":49}}],"line":622},"75":{"loc":{"start":{"line":638,"column":12},"end":{"line":643,"column":13}},"type":"if","locations":[{"start":{"line":638,"column":12},"end":{"line":643,"column":13}},{"start":{"line":638,"column":12},"end":{"line":643,"column":13}}],"line":638},"76":{"loc":{"start":{"line":639,"column":31},"end":{"line":639,"column":56}},"type":"binary-expr","locations":[{"start":{"line":639,"column":31},"end":{"line":639,"column":37}},{"start":{"line":639,"column":41},"end":{"line":639,"column":56}}],"line":639},"77":{"loc":{"start":{"line":656,"column":12},"end":{"line":661,"column":13}},"type":"if","locations":[{"start":{"line":656,"column":12},"end":{"line":661,"column":13}},{"start":{"line":656,"column":12},"end":{"line":661,"column":13}}],"line":656},"78":{"loc":{"start":{"line":657,"column":30},"end":{"line":657,"column":55}},"type":"binary-expr","locations":[{"start":{"line":657,"column":30},"end":{"line":657,"column":36}},{"start":{"line":657,"column":40},"end":{"line":657,"column":55}}],"line":657},"79":{"loc":{"start":{"line":674,"column":12},"end":{"line":679,"column":13}},"type":"if","locations":[{"start":{"line":674,"column":12},"end":{"line":679,"column":13}},{"start":{"line":674,"column":12},"end":{"line":679,"column":13}}],"line":674},"80":{"loc":{"start":{"line":675,"column":30},"end":{"line":675,"column":55}},"type":"binary-expr","locations":[{"start":{"line":675,"column":30},"end":{"line":675,"column":36}},{"start":{"line":675,"column":40},"end":{"line":675,"column":55}}],"line":675},"81":{"loc":{"start":{"line":696,"column":20},"end":{"line":698,"column":21}},"type":"if","locations":[{"start":{"line":696,"column":20},"end":{"line":698,"column":21}},{"start":{"line":696,"column":20},"end":{"line":698,"column":21}}],"line":696},"82":{"loc":{"start":{"line":699,"column":20},"end":{"line":705,"column":21}},"type":"if","locations":[{"start":{"line":699,"column":20},"end":{"line":705,"column":21}},{"start":{"line":699,"column":20},"end":{"line":705,"column":21}}],"line":699},"83":{"loc":{"start":{"line":699,"column":24},"end":{"line":699,"column":62}},"type":"binary-expr","locations":[{"start":{"line":699,"column":24},"end":{"line":699,"column":40}},{"start":{"line":699,"column":44},"end":{"line":699,"column":62}}],"line":699},"84":{"loc":{"start":{"line":703,"column":42},"end":{"line":703,"column":78}},"type":"binary-expr","locations":[{"start":{"line":703,"column":42},"end":{"line":703,"column":47}},{"start":{"line":703,"column":51},"end":{"line":703,"column":61}},{"start":{"line":703,"column":65},"end":{"line":703,"column":78}}],"line":703},"85":{"loc":{"start":{"line":718,"column":20},"end":{"line":720,"column":21}},"type":"if","locations":[{"start":{"line":718,"column":20},"end":{"line":720,"column":21}},{"start":{"line":718,"column":20},"end":{"line":720,"column":21}}],"line":718},"86":{"loc":{"start":{"line":721,"column":20},"end":{"line":729,"column":21}},"type":"if","locations":[{"start":{"line":721,"column":20},"end":{"line":729,"column":21}},{"start":{"line":721,"column":20},"end":{"line":729,"column":21}}],"line":721},"87":{"loc":{"start":{"line":721,"column":24},"end":{"line":721,"column":62}},"type":"binary-expr","locations":[{"start":{"line":721,"column":24},"end":{"line":721,"column":40}},{"start":{"line":721,"column":44},"end":{"line":721,"column":62}}],"line":721},"88":{"loc":{"start":{"line":726,"column":40},"end":{"line":726,"column":76}},"type":"binary-expr","locations":[{"start":{"line":726,"column":40},"end":{"line":726,"column":45}},{"start":{"line":726,"column":49},"end":{"line":726,"column":59}},{"start":{"line":726,"column":63},"end":{"line":726,"column":76}}],"line":726},"89":{"loc":{"start":{"line":727,"column":42},"end":{"line":727,"column":78}},"type":"binary-expr","locations":[{"start":{"line":727,"column":42},"end":{"line":727,"column":47}},{"start":{"line":727,"column":51},"end":{"line":727,"column":61}},{"start":{"line":727,"column":65},"end":{"line":727,"column":78}}],"line":727},"90":{"loc":{"start":{"line":743,"column":12},"end":{"line":748,"column":13}},"type":"if","locations":[{"start":{"line":743,"column":12},"end":{"line":748,"column":13}},{"start":{"line":743,"column":12},"end":{"line":748,"column":13}}],"line":743},"91":{"loc":{"start":{"line":744,"column":38},"end":{"line":744,"column":63}},"type":"binary-expr","locations":[{"start":{"line":744,"column":38},"end":{"line":744,"column":44}},{"start":{"line":744,"column":48},"end":{"line":744,"column":63}}],"line":744},"92":{"loc":{"start":{"line":758,"column":12},"end":{"line":762,"column":13}},"type":"if","locations":[{"start":{"line":758,"column":12},"end":{"line":762,"column":13}},{"start":{"line":758,"column":12},"end":{"line":762,"column":13}}],"line":758},"93":{"loc":{"start":{"line":772,"column":12},"end":{"line":777,"column":13}},"type":"if","locations":[{"start":{"line":772,"column":12},"end":{"line":777,"column":13}},{"start":{"line":772,"column":12},"end":{"line":777,"column":13}}],"line":772},"94":{"loc":{"start":{"line":773,"column":33},"end":{"line":773,"column":58}},"type":"binary-expr","locations":[{"start":{"line":773,"column":33},"end":{"line":773,"column":39}},{"start":{"line":773,"column":43},"end":{"line":773,"column":58}}],"line":773},"95":{"loc":{"start":{"line":787,"column":12},"end":{"line":792,"column":13}},"type":"if","locations":[{"start":{"line":787,"column":12},"end":{"line":792,"column":13}},{"start":{"line":787,"column":12},"end":{"line":792,"column":13}}],"line":787},"96":{"loc":{"start":{"line":788,"column":33},"end":{"line":788,"column":58}},"type":"binary-expr","locations":[{"start":{"line":788,"column":33},"end":{"line":788,"column":39}},{"start":{"line":788,"column":43},"end":{"line":788,"column":58}}],"line":788},"97":{"loc":{"start":{"line":801,"column":20},"end":{"line":803,"column":21}},"type":"if","locations":[{"start":{"line":801,"column":20},"end":{"line":803,"column":21}},{"start":{"line":801,"column":20},"end":{"line":803,"column":21}}],"line":801},"98":{"loc":{"start":{"line":804,"column":20},"end":{"line":806,"column":21}},"type":"if","locations":[{"start":{"line":804,"column":20},"end":{"line":806,"column":21}},{"start":{"line":804,"column":20},"end":{"line":806,"column":21}}],"line":804},"99":{"loc":{"start":{"line":804,"column":24},"end":{"line":804,"column":62}},"type":"binary-expr","locations":[{"start":{"line":804,"column":24},"end":{"line":804,"column":40}},{"start":{"line":804,"column":44},"end":{"line":804,"column":62}}],"line":804},"100":{"loc":{"start":{"line":816,"column":20},"end":{"line":818,"column":21}},"type":"if","locations":[{"start":{"line":816,"column":20},"end":{"line":818,"column":21}},{"start":{"line":816,"column":20},"end":{"line":818,"column":21}}],"line":816},"101":{"loc":{"start":{"line":819,"column":20},"end":{"line":821,"column":21}},"type":"if","locations":[{"start":{"line":819,"column":20},"end":{"line":821,"column":21}},{"start":{"line":819,"column":20},"end":{"line":821,"column":21}}],"line":819},"102":{"loc":{"start":{"line":819,"column":24},"end":{"line":819,"column":62}},"type":"binary-expr","locations":[{"start":{"line":819,"column":24},"end":{"line":819,"column":40}},{"start":{"line":819,"column":44},"end":{"line":819,"column":62}}],"line":819},"103":{"loc":{"start":{"line":831,"column":20},"end":{"line":833,"column":21}},"type":"if","locations":[{"start":{"line":831,"column":20},"end":{"line":833,"column":21}},{"start":{"line":831,"column":20},"end":{"line":833,"column":21}}],"line":831},"104":{"loc":{"start":{"line":834,"column":20},"end":{"line":836,"column":21}},"type":"if","locations":[{"start":{"line":834,"column":20},"end":{"line":836,"column":21}},{"start":{"line":834,"column":20},"end":{"line":836,"column":21}}],"line":834},"105":{"loc":{"start":{"line":834,"column":24},"end":{"line":834,"column":62}},"type":"binary-expr","locations":[{"start":{"line":834,"column":24},"end":{"line":834,"column":40}},{"start":{"line":834,"column":44},"end":{"line":834,"column":62}}],"line":834},"106":{"loc":{"start":{"line":846,"column":20},"end":{"line":848,"column":21}},"type":"if","locations":[{"start":{"line":846,"column":20},"end":{"line":848,"column":21}},{"start":{"line":846,"column":20},"end":{"line":848,"column":21}}],"line":846},"107":{"loc":{"start":{"line":849,"column":20},"end":{"line":851,"column":21}},"type":"if","locations":[{"start":{"line":849,"column":20},"end":{"line":851,"column":21}},{"start":{"line":849,"column":20},"end":{"line":851,"column":21}}],"line":849},"108":{"loc":{"start":{"line":849,"column":24},"end":{"line":849,"column":62}},"type":"binary-expr","locations":[{"start":{"line":849,"column":24},"end":{"line":849,"column":40}},{"start":{"line":849,"column":44},"end":{"line":849,"column":62}}],"line":849},"109":{"loc":{"start":{"line":861,"column":20},"end":{"line":863,"column":21}},"type":"if","locations":[{"start":{"line":861,"column":20},"end":{"line":863,"column":21}},{"start":{"line":861,"column":20},"end":{"line":863,"column":21}}],"line":861},"110":{"loc":{"start":{"line":864,"column":20},"end":{"line":866,"column":21}},"type":"if","locations":[{"start":{"line":864,"column":20},"end":{"line":866,"column":21}},{"start":{"line":864,"column":20},"end":{"line":866,"column":21}}],"line":864},"111":{"loc":{"start":{"line":864,"column":24},"end":{"line":864,"column":62}},"type":"binary-expr","locations":[{"start":{"line":864,"column":24},"end":{"line":864,"column":40}},{"start":{"line":864,"column":44},"end":{"line":864,"column":62}}],"line":864},"112":{"loc":{"start":{"line":886,"column":12},"end":{"line":894,"column":13}},"type":"if","locations":[{"start":{"line":886,"column":12},"end":{"line":894,"column":13}},{"start":{"line":886,"column":12},"end":{"line":894,"column":13}}],"line":886},"113":{"loc":{"start":{"line":886,"column":16},"end":{"line":886,"column":64}},"type":"binary-expr","locations":[{"start":{"line":886,"column":16},"end":{"line":886,"column":38}},{"start":{"line":886,"column":42},"end":{"line":886,"column":64}}],"line":886},"114":{"loc":{"start":{"line":910,"column":12},"end":{"line":912,"column":13}},"type":"if","locations":[{"start":{"line":910,"column":12},"end":{"line":912,"column":13}},{"start":{"line":910,"column":12},"
[...]
lumn":89},"end":{"line":236,"column":21}},"line":229},"24":{"name":"(anonymous_24)","decl":{"start":{"line":241,"column":30},"end":{"line":241,"column":31}},"loc":{"start":{"line":241,"column":67},"end":{"line":253,"column":13}},"line":241},"25":{"name":"(anonymous_25)","decl":{"start":{"line":245,"column":60},"end":{"line":245,"column":61}},"loc":{"start":{"line":245,"column":89},"end":{"line":252,"column":21}},"line":245},"26":{"name":"(anonymous_26)","decl":{"start":{"line":257,"column":30},"end":{"line":257,"column":31}},"loc":{"start":{"line":257,"column":67},"end":{"line":269,"column":13}},"line":257},"27":{"name":"(anonymous_27)","decl":{"start":{"line":261,"column":60},"end":{"line":261,"column":61}},"loc":{"start":{"line":261,"column":89},"end":{"line":268,"column":21}},"line":261},"28":{"name":"(anonymous_28)","decl":{"start":{"line":273,"column":30},"end":{"line":273,"column":31}},"loc":{"start":{"line":273,"column":67},"end":{"line":285,"column":13}},"line":273},"29":{"name":"(anonymous_29)","decl":{"start":{"line":277,"column":60},"end":{"line":277,"column":61}},"loc":{"start":{"line":277,"column":89},"end":{"line":284,"column":21}},"line":277},"30":{"name":"(anonymous_30)","decl":{"start":{"line":289,"column":30},"end":{"line":289,"column":31}},"loc":{"start":{"line":289,"column":67},"end":{"line":301,"column":13}},"line":289},"31":{"name":"(anonymous_31)","decl":{"start":{"line":293,"column":60},"end":{"line":293,"column":61}},"loc":{"start":{"line":293,"column":89},"end":{"line":300,"column":21}},"line":293},"32":{"name":"(anonymous_32)","decl":{"start":{"line":305,"column":30},"end":{"line":305,"column":31}},"loc":{"start":{"line":305,"column":67},"end":{"line":317,"column":13}},"line":305},"33":{"name":"(anonymous_33)","decl":{"start":{"line":309,"column":60},"end":{"line":309,"column":61}},"loc":{"start":{"line":309,"column":89},"end":{"line":316,"column":21}},"line":309},"34":{"name":"(anonymous_34)","decl":{"start":{"line":321,"column":30},"end":{"line":321,"column":31}},"loc":{"start":{"line":321,"column":67},"end":{"line":333,"column":13}},"line":321},"35":{"name":"(anonymous_35)","decl":{"start":{"line":325,"column":60},"end":{"line":325,"column":61}},"loc":{"start":{"line":325,"column":89},"end":{"line":332,"column":21}},"line":325},"36":{"name":"(anonymous_36)","decl":{"start":{"line":337,"column":30},"end":{"line":337,"column":31}},"loc":{"start":{"line":337,"column":67},"end":{"line":349,"column":13}},"line":337},"37":{"name":"(anonymous_37)","decl":{"start":{"line":341,"column":60},"end":{"line":341,"column":61}},"loc":{"start":{"line":341,"column":89},"end":{"line":348,"column":21}},"line":341},"38":{"name":"(anonymous_38)","decl":{"start":{"line":353,"column":30},"end":{"line":353,"column":31}},"loc":{"start":{"line":353,"column":67},"end":{"line":365,"column":13}},"line":353},"39":{"name":"(anonymous_39)","decl":{"start":{"line":357,"column":60},"end":{"line":357,"column":61}},"loc":{"start":{"line":357,"column":89},"end":{"line":364,"column":21}},"line":357},"40":{"name":"(anonymous_40)","decl":{"start":{"line":369,"column":30},"end":{"line":369,"column":31}},"loc":{"start":{"line":369,"column":67},"end":{"line":380,"column":13}},"line":369},"41":{"name":"(anonymous_41)","decl":{"start":{"line":372,"column":60},"end":{"line":372,"column":61}},"loc":{"start":{"line":372,"column":89},"end":{"line":379,"column":21}},"line":372}},"branchMap":{"0":{"loc":{"start":{"line":20,"column":15},"end":{"line":22,"column":76}},"type":"cond-expr","locations":[{"start":{"line":21,"column":14},"end":{"line":21,"column":64}},{"start":{"line":22,"column":14},"end":{"line":22,"column":76}}],"line":20},"1":{"loc":{"start":{"line":26,"column":15},"end":{"line":28,"column":73}},"type":"cond-expr","locations":[{"start":{"line":27,"column":14},"end":{"line":27,"column":61}},{"start":{"line":28,"column":14},"end":{"line":28,"column":73}}],"line":26},"2":{"loc":{"start":{"line":31,"column":40},"end":{"line":31,"column":51}},"type":"default-arg","locations":[{"start":{"line":31,"column":49},"end":{"line":31,"column":51}}],"line":31},"3":{"loc":{"start":{"line":40,"column":20},"end":{"line":42,"column":21}},"type":"if","locations":[{"start":{"line":40,"column":20},"end":{"line":42,"column":21}},{"start":{"line":40,"column":20},"end":{"line":42,"column":21}}],"line":40},"4":{"loc":{"start":{"line":43,"column":20},"end":{"line":46,"column":21}},"type":"if","locations":[{"start":{"line":43,"column":20},"end":{"line":46,"column":21}},{"start":{"line":43,"column":20},"end":{"line":46,"column":21}}],"line":43},"5":{"loc":{"start":{"line":43,"column":24},"end":{"line":43,"column":62}},"type":"binary-expr","locations":[{"start":{"line":43,"column":24},"end":{"line":43,"column":40}},{"start":{"line":43,"column":44},"end":{"line":43,"column":62}}],"line":43},"6":{"loc":{"start":{"line":117,"column":24},"end":{"line":119,"column":25}},"type":"if","locations":[{"start":{"line":117,"column":24},"end":{"line":119,"column":25}},{"start":{"line":117,"column":24},"end":{"line":119,"column":25}}],"line":117},"7":{"loc":{"start":{"line":120,"column":24},"end":{"line":123,"column":25}},"type":"if","locations":[{"start":{"line":120,"column":24},"end":{"line":123,"column":25}},{"start":{"line":120,"column":24},"end":{"line":123,"column":25}}],"line":120},"8":{"loc":{"start":{"line":120,"column":28},"end":{"line":120,"column":66}},"type":"binary-expr","locations":[{"start":{"line":120,"column":28},"end":{"line":120,"column":44}},{"start":{"line":120,"column":48},"end":{"line":120,"column":66}}],"line":120},"9":{"loc":{"start":{"line":134,"column":24},"end":{"line":136,"column":25}},"type":"if","locations":[{"start":{"line":134,"column":24},"end":{"line":136,"column":25}},{"start":{"line":134,"column":24},"end":{"line":136,"column":25}}],"line":134},"10":{"loc":{"start":{"line":137,"column":24},"end":{"line":139,"column":25}},"type":"if","locations":[{"start":{"line":137,"column":24},"end":{"line":139,"column":25}},{"start":{"line":137,"column":24},"end":{"line":139,"column":25}}],"line":137},"11":{"loc":{"start":{"line":137,"column":28},"end":{"line":137,"column":66}},"type":"binary-expr","locations":[{"start":{"line":137,"column":28},"end":{"line":137,"column":44}},{"start":{"line":137,"column":48},"end":{"line":137,"column":66}}],"line":137},"12":{"loc":{"start":{"line":150,"column":24},"end":{"line":152,"column":25}},"type":"if","locations":[{"start":{"line":150,"column":24},"end":{"line":152,"column":25}},{"start":{"line":150,"column":24},"end":{"line":152,"column":25}}],"line":150},"13":{"loc":{"start":{"line":153,"column":24},"end":{"line":155,"column":25}},"type":"if","locations":[{"start":{"line":153,"column":24},"end":{"line":155,"column":25}},{"start":{"line":153,"column":24},"end":{"line":155,"column":25}}],"line":153},"14":{"loc":{"start":{"line":153,"column":28},"end":{"line":153,"column":66}},"type":"binary-expr","locations":[{"start":{"line":153,"column":28},"end":{"line":153,"column":44}},{"start":{"line":153,"column":48},"end":{"line":153,"column":66}}],"line":153},"15":{"loc":{"start":{"line":166,"column":24},"end":{"line":168,"column":25}},"type":"if","locations":[{"start":{"line":166,"column":24},"end":{"line":168,"column":25}},{"start":{"line":166,"column":24},"end":{"line":168,"column":25}}],"line":166},"16":{"loc":{"start":{"line":169,"column":24},"end":{"line":171,"column":25}},"type":"if","locations":[{"start":{"line":169,"column":24},"end":{"line":171,"column":25}},{"start":{"line":169,"column":24},"end":{"line":171,"column":25}}],"line":169},"17":{"loc":{"start":{"line":169,"column":28},"end":{"line":169,"column":66}},"type":"binary-expr","locations":[{"start":{"line":169,"column":28},"end":{"line":169,"column":44}},{"start":{"line":169,"column":48},"end":{"line":169,"column":66}}],"line":169},"18":{"loc":{"start":{"line":182,"column":24},"end":{"line":184,"column":25}},"type":"if","locations":[{"start":{"line":182,"column":24},"end":{"line":184,"column":25}},{"start":{"line":182,"column":24},"end":{"line":184,"column":25}}],"line":182},"19":{"loc":{"start":{"line":185,"column":24},"end":{"line":187,"column":25}},"type":"if","locations":[{"start":{"line":185,"column":24},"end":{"line":187,"column":25}},{"start":{"line":185,"column":24},"end":{"line":187,"column":25}}],"line":185},"20":{"loc":{"start":{"line":185,"column":28},"end":{"line":185,"column":66}},"type":"binary-expr","locations":[{"start":{"line":185,"column":28},"end":{"line":185,"column":44}},{"start":{"line":185,"column":48},"end":{"line":185,"column":66}}],"line":185},"21":{"loc":{"start":{"line":198,"column":24},"end":{"line":200,"column":25}},"type":"if","locations":[{"start":{"line":198,"column":24},"end":{"line":200,"column":25}},{"start":{"line":198,"column":24},"end":{"line":200,"column":25}}],"line":198},"22":{"loc":{"start":{"line":201,"column":24},"end":{"line":203,"column":25}},"type":"if","locations":[{"start":{"line":201,"column":24},"end":{"line":203,"column":25}},{"start":{"line":201,"column":24},"end":{"line":203,"column":25}}],"line":201},"23":{"loc":{"start":{"line":201,"column":28},"end":{"line":201,"column":66}},"type":"binary-expr","locations":[{"start":{"line":201,"column":28},"end":{"line":201,"column":44}},{"start":{"line":201,"column":48},"end":{"line":201,"column":66}}],"line":201},"24":{"loc":{"start":{"line":214,"column":24},"end":{"line":216,"column":25}},"type":"if","locations":[{"start":{"line":214,"column":24},"end":{"line":216,"column":25}},{"start":{"line":214,"column":24},"end":{"line":216,"column":25}}],"line":214},"25":{"loc":{"start":{"line":217,"column":24},"end":{"line":219,"column":25}},"type":"if","locations":[{"start":{"line":217,"column":24},"end":{"line":219,"column":25}},{"start":{"line":217,"column":24},"end":{"line":219,"column":25}}],"line":217},"26":{"loc":{"start":{"line":217,"column":28},"end":{"line":217,"column":66}},"type":"binary-expr","locations":[{"start":{"line":217,"column":28},"end":{"line":217,"column":44}},{"start":{"line":217,"column":48},"end":{"line":217,"column":66}}],"line":217},"27":{"loc":{"start":{"line":230,"column":24},"end":{"line":232,"column":25}},"type":"if","locations":[{"start":{"line":230,"column":24},"end":{"line":232,"column":25}},{"start":{"line":230,"column":24},"end":{"line":232,"column":25}}],"line":230},"28":{"loc":{"start":{"line":233,"column":24},"end":{"line":235,"column":25}},"type":"if","locations":[{"start":{"line":233,"column":24},"end":{"line":235,"column":25}},{"start":{"line":233,"column":24},"end":{"line":235,"column":25}}],"line":233},"29":{"loc":{"start":{"line":233,"column":28},"end":{"line":233,"column":66}},"type":"binary-expr","locations":[{"start":{"line":233,"column":28},"end":{"line":233,"column":44}},{"start":{"line":233,"column":48},"end":{"line":233,"column":66}}],"line":233},"30":{"loc":{"start":{"line":246,"column":24},"end":{"line":248,"column":25}},"type":"if","locations":[{"start":{"line":246,"column":24},"end":{"line":248,"column":25}},{"start":{"line":246,"column":24},"end":{"line":248,"column":25}}],"line":246},"31":{"loc":{"start":{"line":249,"column":24},"end":{"line":251,"column":25}},"type":"if","locations":[{"start":{"line":249,"column":24},"end":{"line":251,"column":25}},{"start":{"line":249,"column":24},"end":{"line":251,"column":25}}],"line":249},"32":{"loc":{"start":{"line":249,"column":28},"end":{"line":249,"column":66}},"type":"binary-expr","locations":[{"start":{"line":249,"column":28},"end":{"line":249,"column":44}},{"start":{"line":249,"column":48},"end":{"line":249,"column":66}}],"line":249},"33":{"loc":{"start":{"line":262,"column":24},"end":{"line":264,"column":25}},"type":"if","locations":[{"start":{"line":262,"column":24},"end":{"line":264,"column":25}},{"start":{"line":262,"column":24},"end":{"line":264,"column":25}}],"line":262},"34":{"loc":{"start":{"line":265,"column":24},"end":{"line":267,"column":25}},"type":"if","locations":[{"start":{"line":265,"column":24},"end":{"line":267,"column":25}},{"start":{"line":265,"column":24},"end":{"line":267,"column":25}}],"line":265},"35":{"loc":{"start":{"line":265,"column":28},"end":{"line":265,"column":66}},"type":"binary-expr","locations":[{"start":{"line":265,"column":28},"end":{"line":265,"column":44}},{"start":{"line":265,"column":48},"end":{"line":265,"column":66}}],"line":265},"36":{"loc":{"start":{"line":278,"column":24},"end":{"line":280,"column":25}},"type":"if","locations":[{"start":{"line":278,"column":24},"end":{"line":280,"column":25}},{"start":{"line":278,"column":24},"end":{"line":280,"column":25}}],"line":278},"37":{"loc":{"start":{"line":281,"column":24},"end":{"line":283,"column":25}},"type":"if","locations":[{"start":{"line":281,"column":24},"end":{"line":283,"column":25}},{"start":{"line":281,"column":24},"end":{"line":283,"column":25}}],"line":281},"38":{"loc":{"start":{"line":281,"column":28},"end":{"line":281,"column":66}},"type":"binary-expr","locations":[{"start":{"line":281,"column":28},"end":{"line":281,"column":44}},{"start":{"line":281,"column":48},"end":{"line":281,"column":66}}],"line":281},"39":{"loc":{"start":{"line":294,"column":24},"end":{"line":296,"column":25}},"type":"if","locations":[{"start":{"line":294,"column":24},"end":{"line":296,"column":25}},{"start":{"line":294,"column":24},"end":{"line":296,"column":25}}],"line":294},"40":{"loc":{"start":{"line":297,"column":24},"end":{"line":299,"column":25}},"type":"if","locations":[{"start":{"line":297,"column":24},"end":{"line":299,"column":25}},{"start":{"line":297,"column":24},"end":{"line":299,"column":25}}],"line":297},"41":{"loc":{"start":{"line":297,"column":28},"end":{"line":297,"column":66}},"type":"binary-expr","locations":[{"start":{"line":297,"column":28},"end":{"line":297,"column":44}},{"start":{"line":297,"column":48},"end":{"line":297,"column":66}}],"line":297},"42":{"loc":{"start":{"line":310,"column":24},"end":{"line":312,"column":25}},"type":"if","locations":[{"start":{"line":310,"column":24},"end":{"line":312,"column":25}},{"start":{"line":310,"column":24},"end":{"line":312,"column":25}}],"line":310},"43":{"loc":{"start":{"line":313,"column":24},"end":{"line":315,"column":25}},"type":"if","locations":[{"start":{"line":313,"column":24},"end":{"line":315,"column":25}},{"start":{"line":313,"column":24},"end":{"line":315,"column":25}}],"line":313},"44":{"loc":{"start":{"line":313,"column":28},"end":{"line":313,"column":66}},"type":"binary-expr","locations":[{"start":{"line":313,"column":28},"end":{"line":313,"column":44}},{"start":{"line":313,"column":48},"end":{"line":313,"column":66}}],"line":313},"45":{"loc":{"start":{"line":326,"column":24},"end":{"line":328,"column":25}},"type":"if","locations":[{"start":{"line":326,"column":24},"end":{"line":328,"column":25}},{"start":{"line":326,"column":24},"end":{"line":328,"column":25}}],"line":326},"46":{"loc":{"start":{"line":329,"column":24},"end":{"line":331,"column":25}},"type":"if","locations":[{"start":{"line":329,"column":24},"end":{"line":331,"column":25}},{"start":{"line":329,"column":24},"end":{"line":331,"column":25}}],"line":329},"47":{"loc":{"start":{"line":329,"column":28},"end":{"line":329,"column":66}},"type":"binary-expr","locations":[{"start":{"line":329,"column":28},"end":{"line":329,"column":44}},{"start":{"line":329,"column":48},"end":{"line":329,"column":66}}],"line":329},"48":{"loc":{"start":{"line":342,"column":24},"end":{"line":344,"column":25}},"type":"if","locations":[{"start":{"line":342,"column":24},"end":{"line":344,"column":25}},{"start":{"line":342,"column":24},"end":{"line":344,"column":25}}],"line":342},"49":{"loc":{"start":{"line":345,"column":24},"end":{"line":347,"column":25}},"type":"if","locations":[{"start":{"line":345,"column":24},"end":{"line":347,"column":25}},{"start":{"line":345,"column":24},"end":{"line":347,"column":25}}],"line":345},"50":{"loc":{"start":{"line":345,"column":28},"end":{"line":345,"column":66}},"type":"binary-expr","locations":[{"start":{"line":345,"column":28},"end":{"line":345,"column":44}},{"start":{"line":345,"column":48},"end":{"line":345,"column":66}}],"line":345},"51":{"loc":{"start":{"line":358,"column":24},"end":{"line":360,"column":25}},"type":"if","locations":[{"start":{"line":358,"column":24},"end":{"line":360,"column":25}},{"start":{"line":358,"column":24},"end":{"line":360,"column":25}}],"line":358},"52":{"loc":{"start":{"line":361,"column":24},"end":{"line":363,"column":25}},"type":"if","locations":[{"start":{"line":361,"column":24},"end":{"line":363,"column":25}},{"start":{"line":361,"column":24},"end":{"line":363,"column":25}}],"line":361},"53":{"loc":{"start":{"line":361,"column":28},"end":{"line":361,"column":66}},"type":"binary-expr","locations":[{"start":{"line":361,"column":28},"end":{"line":361,"column":44}},{"start":{"line":361,"column":48},"end":{"line":361,"column":66}}],"line":361},"54":{"loc":{"start":{"line":373,"column":24},"end":{"line":375,"column":25}},"type":"if","locations":[{"start":{"line":373,"column":24},"end":{"line":375,"column":25}},{"start":{"line":373,"column":24},"end":{"line":375,"column":25}}],"line":373},"55":{"loc":{"start":{"line":376,"column":24},"end":{"line":378,"column":25}},"type":"if","locations":[{"start":{"line":376,"column":24},"end":{"line":378,"column":25}},{"start":{"line":376,"column":24},"end":{"line":378,"column":25}}],"line":376},"56":{"loc":{"start":{"line":376,"column":28},"end":{"line":376,"column":66}},"type":"binary-expr","locations":[{"start":{"line":376,"column":28},"end":{"line":376,"column":44}},{"start":{"line":376,"column":48},"end":{"line":376,"column":66}}],"line":376}},"s":{"0":1,"1":1,"2":1,"3":1,"4":1,"5":1,"6":1,"7":1,"8":11,"9":10,"10":10,"11":10,"12":10,"13":10,"14":10,"15":20,"16":0,"17":20,"18":10,"19":10,"20":1,"21":1,"22":1,"23":1,"24":1,"25":1,"26":1,"27":1,"28":1,"29":1,"30":1,"31":1,"32":1,"33":1,"34":1,"35":1,"36":1,"37":1,"38":1,"39":1,"40":1,"41":1,"42":1,"43":1,"44":1,"45":1,"46":1,"47":1,"48":1,"49":1,"50":1,"51":1,"52":1,"53":1,"54":1,"55":1,"56":1,"57":1,"58":2,"59":0,"60":2,"61":1,"62":1,"63":1,"64":1,"65":1,"66":3,"67":0,"68":3,"69":2,"70":1,"71":1,"72":1,"73":3,"74":0,"75":3,"76":2,"77":1,"78":1,"79":1,"80":3,"81":0,"82":3,"83":2,"84":1,"85":1,"86":1,"87":3,"88":0,"89":3,"90":2,"91":1,"92":1,"93":1,"94":3,"95":0,"96":3,"97":2,"98":1,"99":1,"100":1,"101":3,"102":0,"103":3,"104":2,"105":1,"106":1,"107":1,"108":3,"109":0,"110":3,"111":2,"112":1,"113":1,"114":1,"115":3,"116":0,"117":3,"118":2,"119":1,"120":1,"121":1,"122":3,"123":0,"124":3,"125":2,"126":1,"127":1,"128":1,"129":3,"130":0,"131":3,"132":2,"133":1,"134":1,"135":1,"136":3,"137":0,"138":3,"139":2,"140":1,"141":1,"142":1,"143":3,"144":0,"145":3,"146":2,"147":1,"148":1,"149":1,"150":3,"151":0,"152":3,"153":2,"154":1,"155":1,"156":1,"157":3,"158":0,"159":3,"160":2,"161":1,"162":1,"163":1,"164":3,"165":0,"166":3,"167":2,"168":1,"169":1,"170":1,"171":3,"172":0,"173":3,"174":2,"175":1,"176":1},"f":{"0":1,"1":11,"2":10,"3":10,"4":10,"5":20,"6":1,"7":1,"8":1,"9":2,"10":1,"11":3,"12":1,"13":3,"14":1,"15":3,"16":1,"17":3,"18":1,"19":3,"20":1,"21":3,"22":1,"23":3,"24":1,"25":3,"26":1,"27":3,"28":1,"29":3,"30":1,"31":3,"32":1,"33":3,"34":1,"35":3,"36":1,"37":3,"38":1,"39":3,"40":1,"41":3},"b":{"0":[1,10],"1":[0,10],"2":[5],"3":[0,20],"4":[10,10],"5":[20,10],"6":[0,2],"7":[1,1],"8":[2,1],"9":[0,3],"10":[2,1],"11":[3,2],"12":[0,3],"13":[2,1],"14":[3,2],"15":[0,3],"16":[2,1],"17":[3,2],"18":[0,3],"19":[2,1],"20":[3,2],"21":[0,3],"22":[2,1],"23":[3,2],"24":[0,3],"25":[2,1],"26":[3,2],"27":[0,3],"28":[2,1],"29":[3,2],"30":[0,3],"31":[2,1],"32":[3,2],"33":[0,3],"34":[2,1],"35":[3,2],"36":[0,3],"37":[2,1],"38":[3,2],"39":[0,3],"40":[2,1],"41":[3,2],"42":[0,3],"43":[2,1],"44":[3,2],"45":[0,3],"46":[2,1],"47":[3,2],"48":[0,3],"49":[2,1],"50":[3,2],"51":[0,3],"52":[2,1],"53":[3,2],"54":[0,3],"55":[2,1],"56":[3,2]},"_coverageSchema":"1a1c01bbd47fc00a2c39e90264f33305004495a9","hash":"a416081aededf93889cbee6aa8885a699b29be6c"}
}
