TN:
SF:src/definitions/Modules.js
FN:17,(anonymous_0)
FNF:1
FNH:0
FNDA:0,(anonymous_0)
DA:8,1
DA:9,1
DA:11,1
DA:12,1
DA:14,1
DA:15,1
DA:17,1
DA:18,0
DA:23,1
DA:25,1
DA:27,1
DA:36,1
LF:12
LH:11
BRF:0
BRH:0
end_of_record
TN:
SF:src/definitions/OmegaDefaults.js
FN:22,(anonymous_0)
FN:26,(anonymous_1)
FN:30,(anonymous_2)
FN:34,(anonymous_3)
FN:38,(anonymous_4)
FN:42,(anonymous_5)
FNF:6
FNH:5
FNDA:3,(anonymous_0)
FNDA:26,(anonymous_1)
FNDA:1,(anonymous_2)
FNDA:1,(anonymous_3)
FNDA:0,(anonymous_4)
FNDA:1,(anonymous_5)
DA:1,2
DA:22,2
DA:23,3
DA:26,2
DA:27,26
DA:30,2
DA:31,1
DA:34,2
DA:35,1
DA:38,2
DA:39,0
DA:42,2
DA:43,1
DA:44,1
DA:45,1
LF:15
LH:14
BRF:0
BRH:0
end_of_record
TN:
SF:src/definitions/Ships.js
FNF:0
FNH:0
DA:8,2
DA:9,2
DA:11,2
DA:24,2
DA:37,2
DA:50,2
DA:63,2
LF:7
LH:7
BRF:0
BRH:0
end_of_record
TN:
SF:src/facades/ContractFacade.js
FN:20,(anonymous_0)
FN:35,(anonymous_1)
FN:43,(anonymous_2)
FN:51,(anonymous_3)
FN:68,(anonymous_4)
FN:75,(anonymous_5)
FN:82,(anonymous_6)
FN:83,(anonymous_7)
FN:90,(anonymous_8)
FN:104,(anonymous_9)
FN:105,(anonymous_10)
FN:108,(anonymous_11)
FN:122,(anonymous_12)
FN:123,(anonymous_13)
FN:126,(anonymous_14)
FN:140,(anonymous_15)
FN:141,(anonymous_16)
FN:160,(anonymous_17)
FN:161,(anonymous_18)
FN:178,(anonymous_19)
FN:179,(anonymous_20)
FN:186,(anonymous_21)
FN:209,(anonymous_22)
FN:210,(anonymous_23)
FN:218,(anonymous_24)
FN:232,(anonymous_25)
FN:241,(anonymous_26)
FN:244,(anonymous_27)
FN:251,(anonymous_28)
FN:256,(anonymous_29)
FN:270,(anonymous_30)
FN:271,(anonymous_31)
FN:274,(anonymous_32)
FN:288,(anonymous_33)
FN:289,(anonymous_34)
FN:292,(anonymous_35)
FN:306,(anonymous_36)
FN:307,(anonymous_37)
FN:310,(anonymous_38)
FN:324,(anonymous_39)
FN:325,(anonymous_40)
FN:328,(anonymous_41)
FN:342,(anonymous_42)
FN:343,(anonymous_43)
FN:360,(anonymous_44)
FN:361,(anonymous_45)
FN:378,(anonymous_46)
FN:379,(anonymous_47)
FN:382,(anonymous_48)
FN:396,(anonymous_49)
FN:397,(anonymous_50)
FN:400,(anonymous_51)
FN:414,(anonymous_52)
FN:415,(anonymous_53)
FN:418,(anonymous_54)
FN:432,(anonymous_55)
FN:433,(anonymous_56)
FN:450,(anonymous_57)
FN:451,(anonymous_58)
FN:468,(anonymous_59)
FN:469,(anonymous_60)
FN:476,(anonymous_61)
FN:494,(anonymous_62)
FN:497,(anonymous_63)
FN:534,(anonymous_64)
FN:535,(anonymous_65)
FN:553,(anonymous_66)
FN:554,(anonymous_67)
FN:557,(anonymous_68)
FN:571,(anonymous_69)
FN:572,(anonymous_70)
FN:575,(anonymous_71)
FN:589,(anonymous_72)
FN:590,(anonymous_73)
FN:593,(anonymous_74)
FN:604,(anonymous_75)
FN:605,(anonymous_76)
FN:615,(anonymous_77)
FN:616,(anonymous_78)
FN:632,(anonymous_79)
FN:633,(anonymous_80)
FN:650,(anonymous_81)
FN:651,(anonymous_82)
FN:668,(anonymous_83)
FN:669,(anonymous_84)
FN:686,(anonymous_85)
FN:687,(anonymous_86)
FN:695,(anonymous_87)
FN:700,(anonymous_88)
FN:713,(anonymous_89)
FN:714,(anonymous_90)
FN:717,(anonymous_91)
FN:722,(anonymous_92)
FN:737,(anonymous_93)
FN:738,(anonymous_94)
FN:752,(anonymous_95)
FN:753,(anonymous_96)
FN:766,(anonymous_97)
FN:767,(anonymous_98)
FN:781,(anonymous_99)
FN:782,(anonymous_100)
FN:796,(anonymous_101)
FN:797,(anonymous_102)
FN:800,(anonymous_103)
FN:811,(anonymous_104)
FN:812,(anonymous_105)
FN:815,(anonymous_106)
FN:826,(anonymous_107)
FN:827,(anonymous_108)
FN:830,(anonymous_109)
FN:841,(anonymous_110)
FN:842,(anonymous_111)
FN:845,(anonymous_112)
FN:856,(anonymous_113)
FN:857,(anonymous_114)
FN:860,(anonymous_115)
FN:871,(anonymous_116)
FN:901,(anonymous_117)
FN:909,(anonymous_118)
FN:914,(anonymous_119)
FN:916,(anonymous_120)
FN:928,(anonymous_121)
FN:931,(anonymous_122)
FN:932,(anonymous_123)
FN:934,(anonymous_124)
FNF:125
FNH:122
FNDA:16,(anonymous_0)
FNDA:16,(anonymous_1)
FNDA:32,(anonymous_2)
FNDA:16,(anonymous_3)
FNDA:1,(anonymous_4)
FNDA:1,(anonymous_5)
FNDA:3,(anonymous_6)
FNDA:3,(anonymous_7)
FNDA:9,(anonymous_8)
FNDA:1,(anonymous_9)
FNDA:1,(anonymous_10)
FNDA:3,(anonymous_11)
FNDA:2,(anonymous_12)
FNDA:2,(anonymous_13)
FNDA:6,(anonymous_14)
FNDA:3,(anonymous_15)
FNDA:3,(anonymous_16)
FNDA:2,(anonymous_17)
FNDA:2,(anonymous_18)
FNDA:1,(anonymous_19)
FNDA:1,(anonymous_20)
FNDA:2,(anonymous_21)
FNDA:1,(anonymous_22)
FNDA:1,(anonymous_23)
FNDA:3,(anonymous_24)
FNDA:8,(anonymous_25)
FNDA:1,(anonymous_26)
FNDA:1,(anonymous_27)
FNDA:3,(anonymous_28)
FNDA:2,(anonymous_29)
FNDA:1,(anonymous_30)
FNDA:1,(anonymous_31)
FNDA:2,(anonymous_32)
FNDA:1,(anonymous_33)
FNDA:1,(anonymous_34)
FNDA:3,(anonymous_35)
FNDA:2,(anonymous_36)
FNDA:2,(anonymous_37)
FNDA:6,(anonymous_38)
FNDA:2,(anonymous_39)
FNDA:2,(anonymous_40)
FNDA:6,(anonymous_41)
FNDA:7,(anonymous_42)
FNDA:7,(anonymous_43)
FNDA:3,(anonymous_44)
FNDA:3,(anonymous_45)
FNDA:2,(anonymous_46)
FNDA:2,(anonymous_47)
FNDA:5,(anonymous_48)
FNDA:1,(anonymous_49)
FNDA:1,(anonymous_50)
FNDA:2,(anonymous_51)
FNDA:5,(anonymous_52)
FNDA:5,(anonymous_53)
FNDA:15,(anonymous_54)
FNDA:2,(anonymous_55)
FNDA:2,(anonymous_56)
FNDA:1,(anonymous_57)
FNDA:1,(anonymous_58)
FNDA:1,(anonymous_59)
FNDA:1,(anonymous_60)
FNDA:2,(anonymous_61)
FNDA:1,(anonymous_62)
FNDA:1,(anonymous_63)
FNDA:4,(anonymous_64)
FNDA:4,(anonymous_65)
FNDA:2,(anonymous_66)
FNDA:2,(anonymous_67)
FNDA:6,(anonymous_68)
FNDA:2,(anonymous_69)
FNDA:2,(anonymous_70)
FNDA:6,(anonymous_71)
FNDA:2,(anonymous_72)
FNDA:2,(anonymous_73)
FNDA:6,(anonymous_74)
FNDA:4,(anonymous_75)
FNDA:20,(anonymous_76)
FNDA:1,(anonymous_77)
FNDA:1,(anonymous_78)
FNDA:1,(anonymous_79)
FNDA:1,(anonymous_80)
FNDA:1,(anonymous_81)
FNDA:1,(anonymous_82)
FNDA:2,(anonymous_83)
FNDA:2,(anonymous_84)
FNDA:1,(anonymous_85)
FNDA:1,(anonymous_86)
FNDA:3,(anonymous_87)
FNDA:10,(anonymous_88)
FNDA:2,(anonymous_89)
FNDA:2,(anonymous_90)
FNDA:6,(anonymous_91)
FNDA:24,(anonymous_92)
FNDA:9,(anonymous_93)
FNDA:9,(anonymous_94)
FNDA:2,(anonymous_95)
FNDA:2,(anonymous_96)
FNDA:3,(anonymous_97)
FNDA:3,(anonymous_98)
FNDA:10,(anonymous_99)
FNDA:10,(anonymous_100)
FNDA:0,(anonymous_101)
FNDA:0,(anonymous_102)
FNDA:0,(anonymous_103)
FNDA:2,(anonymous_104)
FNDA:2,(anonymous_105)
FNDA:6,(anonymous_106)
FNDA:1,(anonymous_107)
FNDA:1,(anonymous_108)
FNDA:3,(anonymous_109)
FNDA:1,(anonymous_110)
FNDA:1,(anonymous_111)
FNDA:3,(anonymous_112)
FNDA:1,(anonymous_113)
FNDA:1,(anonymous_114)
FNDA:3,(anonymous_115)
FNDA:8618,(anonymous_116)
FNDA:1,(anonymous_117)
FNDA:1066,(anonymous_118)
FNDA:5109,(anonymous_119)
FNDA:8410,(anonymous_120)
FNDA:1,(anonymous_121)
FNDA:20,(anonymous_122)
FNDA:119,(anonymous_123)
FNDA:208,(anonymous_124)
DA:12,1
DA:21,16
DA:22,16
DA:23,16
DA:24,16
DA:25,16
DA:26,16
DA:36,16
DA:44,32
DA:52,16
DA:53,16
DA:61,16
DA:62,16
DA:69,1
DA:76,1
DA:83,3
DA:84,3
DA:91,9
DA:92,0
DA:94,9
DA:95,6
DA:105,1
DA:106,1
DA:109,3
DA:110,0
DA:112,3
DA:113,2
DA:123,2
DA:124,2
DA:127,6
DA:128,0
DA:130,6
DA:131,4
DA:141,3
DA:143,3
DA:146,3
DA:147,3
DA:148,3
DA:150,3
DA:152,0
DA:161,2
DA:163,2
DA:166,2
DA:167,2
DA:168,2
DA:170,0
DA:179,1
DA:181,1
DA:184,1
DA:185,1
DA:186,1
DA:187,2
DA:199,1
DA:201,0
DA:210,1
DA:211,1
DA:219,3
DA:220,0
DA:222,3
DA:223,2
DA:233,8
DA:242,1
DA:244,1
DA:245,1
DA:252,3
DA:253,0
DA:255,3
DA:256,2
DA:257,2
DA:259,2
DA:260,2
DA:261,2
DA:271,1
DA:272,1
DA:275,2
DA:276,0
DA:278,2
DA:279,1
DA:289,1
DA:290,1
DA:293,3
DA:294,0
DA:296,3
DA:297,2
DA:307,2
DA:308,2
DA:311,6
DA:312,0
DA:314,6
DA:315,4
DA:325,2
DA:326,2
DA:329,6
DA:330,0
DA:332,6
DA:333,4
DA:343,7
DA:345,7
DA:348,7
DA:349,7
DA:350,7
DA:352,0
DA:361,3
DA:363,3
DA:366,3
DA:367,3
DA:368,3
DA:370,0
DA:379,2
DA:380,2
DA:383,5
DA:384,0
DA:386,5
DA:387,3
DA:397,1
DA:398,1
DA:401,2
DA:402,0
DA:404,2
DA:405,1
DA:415,5
DA:416,5
DA:419,15
DA:420,0
DA:422,15
DA:423,10
DA:433,2
DA:435,2
DA:438,2
DA:439,2
DA:440,2
DA:442,0
DA:451,1
DA:453,1
DA:456,1
DA:457,1
DA:458,1
DA:460,0
DA:469,1
DA:471,1
DA:474,1
DA:475,1
DA:476,1
DA:477,2
DA:484,1
DA:486,0
DA:497,1
DA:499,1
DA:510,1
DA:511,1
DA:519,1
DA:520,1
DA:521,1
DA:522,1
DA:524,1
DA:526,0
DA:535,4
DA:537,4
DA:540,4
DA:541,4
DA:542,4
DA:543,4
DA:545,0
DA:554,2
DA:555,2
DA:558,6
DA:559,0
DA:561,6
DA:562,4
DA:572,2
DA:573,2
DA:576,6
DA:577,0
DA:579,6
DA:580,4
DA:590,2
DA:591,2
DA:594,6
DA:595,0
DA:597,6
DA:598,4
DA:605,4
DA:606,20
DA:616,1
DA:618,1
DA:621,1
DA:622,1
DA:624,0
DA:633,1
DA:635,1
DA:638,1
DA:639,1
DA:640,1
DA:642,0
DA:651,1
DA:653,1
DA:656,1
DA:657,1
DA:658,1
DA:660,0
DA:669,2
DA:671,2
DA:674,2
DA:675,2
DA:676,2
DA:678,0
DA:687,1
DA:688,1
DA:696,3
DA:697,0
DA:699,3
DA:700,2
DA:701,10
DA:703,2
DA:704,2
DA:714,2
DA:715,2
DA:718,6
DA:719,0
DA:721,6
DA:722,4
DA:723,24
DA:726,4
DA:727,4
DA:728,4
DA:738,9
DA:740,9
DA:743,9
DA:744,9
DA:745,9
DA:747,0
DA:753,2
DA:755,2
DA:758,2
DA:759,2
DA:761,0
DA:767,3
DA:769,3
DA:772,3
DA:773,3
DA:774,3
DA:776,0
DA:782,10
DA:784,10
DA:787,10
DA:788,10
DA:789,10
DA:791,0
DA:797,0
DA:798,0
DA:801,0
DA:802,0
DA:804,0
DA:805,0
DA:812,2
DA:813,2
DA:816,6
DA:817,0
DA:819,6
DA:820,4
DA:827,1
DA:828,1
DA:831,3
DA:832,0
DA:834,3
DA:835,2
DA:842,1
DA:843,1
DA:846,3
DA:847,0
DA:849,3
DA:850,2
DA:857,1
DA:858,1
DA:861,3
DA:862,0
DA:864,3
DA:865,2
DA:872,8618
DA:874,8618
DA:875,8618
DA:876,1889
DA:877,1889
DA:878,1889
DA:879,1889
DA:881,1855
DA:882,1855
DA:883,1855
DA:884,1855
DA:886,1855
DA:887,40
DA:898,8618
DA:902,1
DA:903,1
DA:904,1
DA:905,1
DA:906,1
DA:907,1
DA:909,1
DA:910,1066
DA:911,0
DA:914,1066
DA:915,5109
DA:916,5109
DA:917,8410
DA:918,8410
DA:919,39
DA:925,1
DA:929,1
DA:931,1
DA:932,20
DA:933,119
DA:934,119
DA:935,208
DA:936,208
DA:937,1
LF:316
LH:270
BRDA:25,0,0,16
BRDA:25,0,1,0
BRDA:44,1,0,32
BRDA:44,1,1,2
BRDA:69,2,0,1
BRDA:69,2,1,1
BRDA:76,3,0,1
BRDA:76,3,1,1
BRDA:91,4,0,0
BRDA:91,4,1,9
BRDA:94,5,0,6
BRDA:94,5,1,3
BRDA:94,6,0,9
BRDA:94,6,1,6
BRDA:109,7,0,0
BRDA:109,7,1,3
BRDA:112,8,0,2
BRDA:112,8,1,1
BRDA:112,9,0,3
BRDA:112,9,1,2
BRDA:127,10,0,0
BRDA:127,10,1,6
BRDA:130,11,0,4
BRDA:130,11,1,2
BRDA:130,12,0,6
BRDA:130,12,1,4
BRDA:146,13,0,3
BRDA:146,13,1,0
BRDA:147,14,0,3
BRDA:147,14,1,3
BRDA:166,15,0,2
BRDA:166,15,1,0
BRDA:167,16,0,2
BRDA:167,16,1,2
BRDA:184,17,0,1
BRDA:184,17,1,0
BRDA:185,18,0,1
BRDA:185,18,1,1
BRDA:219,19,0,0
BRDA:219,19,1,3
BRDA:222,20,0,2
BRDA:222,20,1,1
BRDA:222,21,0,3
BRDA:222,21,1,2
BRDA:233,22,0,0
BRDA:233,22,1,8
BRDA:252,23,0,0
BRDA:252,23,1,3
BRDA:255,24,0,2
BRDA:255,24,1,1
BRDA:255,25,0,3
BRDA:255,25,1,2
BRDA:259,26,0,2
BRDA:259,26,1,2
BRDA:259,26,2,2
BRDA:260,27,0,2
BRDA:260,27,1,2
BRDA:260,27,2,2
BRDA:261,28,0,2
BRDA:261,28,1,2
BRDA:275,29,0,0
BRDA:275,29,1,2
BRDA:278,30,0,1
BRDA:278,30,1,1
BRDA:278,31,0,2
BRDA:278,31,1,1
BRDA:293,32,0,0
BRDA:293,32,1,3
BRDA:296,33,0,2
BRDA:296,33,1,1
BRDA:296,34,0,3
BRDA:296,34,1,2
BRDA:311,35,0,0
BRDA:311,35,1,6
BRDA:314,36,0,4
BRDA:314,36,1,2
BRDA:314,37,0,6
BRDA:314,37,1,4
BRDA:329,38,0,0
BRDA:329,38,1,6
BRDA:332,39,0,4
BRDA:332,39,1,2
BRDA:332,40,0,6
BRDA:332,40,1,4
BRDA:348,41,0,7
BRDA:348,41,1,0
BRDA:349,42,0,7
BRDA:349,42,1,7
BRDA:366,43,0,3
BRDA:366,43,1,0
BRDA:367,44,0,3
BRDA:367,44,1,3
BRDA:383,45,0,0
BRDA:383,45,1,5
BRDA:386,46,0,3
BRDA:386,46,1,2
BRDA:386,47,0,5
BRDA:386,47,1,3
BRDA:401,48,0,0
BRDA:401,48,1,2
BRDA:404,49,0,1
BRDA:404,49,1,1
BRDA:404,50,0,2
BRDA:404,50,1,1
BRDA:419,51,0,0
BRDA:419,51,1,15
BRDA:422,52,0,10
BRDA:422,52,1,5
BRDA:422,53,0,15
BRDA:422,53,1,10
BRDA:438,54,0,2
BRDA:438,54,1,0
BRDA:439,55,0,2
BRDA:439,55,1,2
BRDA:456,56,0,1
BRDA:456,56,1,0
BRDA:457,57,0,1
BRDA:457,57,1,1
BRDA:474,58,0,1
BRDA:474,58,1,0
BRDA:475,59,0,1
BRDA:475,59,1,1
BRDA:510,60,0,1
BRDA:510,60,1,0
BRDA:540,61,0,4
BRDA:540,61,1,0
BRDA:541,62,0,4
BRDA:541,62,1,4
BRDA:558,63,0,0
BRDA:558,63,1,6
BRDA:561,64,0,4
BRDA:561,64,1,2
BRDA:561,65,0,6
BRDA:561,65,1,4
BRDA:574,66,0,0
BRDA:574,66,1,2
BRDA:576,67,0,0
BRDA:576,67,1,6
BRDA:579,68,0,4
BRDA:579,68,1,2
BRDA:579,69,0,6
BRDA:579,69,1,4
BRDA:594,70,0,0
BRDA:594,70,1,6
BRDA:597,71,0,4
BRDA:597,71,1,2
BRDA:597,72,0,6
BRDA:597,72,1,4
BRDA:621,73,0,1
BRDA:621,73,1,0
BRDA:622,74,0,1
BRDA:622,74,1,1
BRDA:638,75,0,1
BRDA:638,75,1,0
BRDA:639,76,0,1
BRDA:639,76,1,1
BRDA:656,77,0,1
BRDA:656,77,1,0
BRDA:657,78,0,1
BRDA:657,78,1,1
BRDA:674,79,0,2
BRDA:674,79,1,0
BRDA:675,80,0,2
BRDA:675,80,1,2
BRDA:696,81,0,0
BRDA:696,81,1,3
BRDA:699,82,0,2
BRDA:699,82,1,1
BRDA:699,83,0,3
BRDA:699,83,1,2
BRDA:703,84,0,2
BRDA:703,84,1,2
BRDA:703,84,2,2
BRDA:718,85,0,0
BRDA:718,85,1,6
BRDA:721,86,0,4
BRDA:721,86,1,2
BRDA:721,87,0,6
BRDA:721,87,1,4
BRDA:726,88,0,4
BRDA:726,88,1,4
BRDA:726,88,2,4
BRDA:727,89,0,4
BRDA:727,89,1,4
BRDA:727,89,2,4
BRDA:743,90,0,9
BRDA:743,90,1,0
BRDA:744,91,0,9
BRDA:744,91,1,9
BRDA:758,92,0,2
BRDA:758,92,1,0
BRDA:772,93,0,3
BRDA:772,93,1,0
BRDA:773,94,0,3
BRDA:773,94,1,3
BRDA:787,95,0,10
BRDA:787,95,1,0
BRDA:788,96,0,10
BRDA:788,96,1,10
BRDA:801,97,0,0
BRDA:801,97,1,0
BRDA:804,98,0,0
BRDA:804,98,1,0
BRDA:804,99,0,0
BRDA:804,99,1,0
BRDA:816,100,0,0
BRDA:816,100,1,6
BRDA:819,101,0,4
BRDA:819,101,1,2
BRDA:819,102,0,6
BRDA:819,102,1,4
BRDA:831,103,0,0
BRDA:831,103,1,3
BRDA:834,104,0,2
BRDA:834,104,1,1
BRDA:834,105,0,3
BRDA:834,105,1,2
BRDA:846,106,0,0
BRDA:846,106,1,3
BRDA:849,107,0,2
BRDA:849,107,1,1
BRDA:849,108,0,3
BRDA:849,108,1,2
BRDA:861,109,0,0
BRDA:861,109,1,3
BRDA:864,110,0,2
BRDA:864,110,1,1
BRDA:864,111,0,3
BRDA:864,111,1,2
BRDA:886,112,0,40
BRDA:886,112,1,1815
BRDA:886,113,0,1855
BRDA:886,113,1,1815
BRDA:910,114,0,0
BRDA:910,114,1,1066
BRDA:918,115,0,39
BRDA:918,115,1,8371
BRDA:936,116,0,1
BRDA:936,116,1,207
BRF:239
BRH:190
end_of_record
TN:
SF:src/facades/Deployer.js
FN:14,(anonymous_0)
FN:19,(anonymous_1)
FN:25,(anonymous_2)
FN:31,(anonymous_3)
FN:32,(anonymous_4)
FN:39,(anonymous_5)
FN:51,(anonymous_6)
FN:52,(anonymous_7)
FN:105,(anonymous_8)
FN:116,(anonymous_9)
FN:129,(anonymous_10)
FN:133,(anonymous_11)
FN:145,(anonymous_12)
FN:149,(anonymous_13)
FN:161,(anonymous_14)
FN:165,(anonymous_15)
FN:177,(anonymous_16)
FN:181,(anonymous_17)
FN:193,(anonymous_18)
FN:197,(anonymous_19)
FN:209,(anonymous_20)
FN:213,(anonymous_21)
FN:225,(anonymous_22)
FN:229,(anonymous_23)
FN:241,(anonymous_24)
FN:245,(anonymous_25)
FN:257,(anonymous_26)
FN:261,(anonymous_27)
FN:273,(anonymous_28)
FN:277,(anonymous_29)
FN:289,(anonymous_30)
FN:293,(anonymous_31)
FN:305,(anonymous_32)
FN:309,(anonymous_33)
FN:321,(anonymous_34)
FN:325,(anonymous_35)
FN:337,(anonymous_36)
FN:341,(anonymous_37)
FN:353,(anonymous_38)
FN:357,(anonymous_39)
FN:369,(anonymous_40)
FN:372,(anonymous_41)
FNF:42
FNH:42
FNDA:1,(anonymous_0)
FNDA:11,(anonymous_1)
FNDA:10,(anonymous_2)
FNDA:10,(anonymous_3)
FNDA:10,(anonymous_4)
FNDA:20,(anonymous_5)
FNDA:1,(anonymous_6)
FNDA:1,(anonymous_7)
FNDA:1,(anonymous_8)
FNDA:2,(anonymous_9)
FNDA:1,(anonymous_10)
FNDA:3,(anonymous_11)
FNDA:1,(anonymous_12)
FNDA:3,(anonymous_13)
FNDA:1,(anonymous_14)
FNDA:3,(anonymous_15)
FNDA:1,(anonymous_16)
FNDA:3,(anonymous_17)
FNDA:1,(anonymous_18)
FNDA:3,(anonymous_19)
FNDA:1,(anonymous_20)
FNDA:3,(anonymous_21)
FNDA:1,(anonymous_22)
FNDA:3,(anonymous_23)
FNDA:1,(anonymous_24)
FNDA:3,(anonymous_25)
FNDA:1,(anonymous_26)
FNDA:3,(anonymous_27)
FNDA:1,(anonymous_28)
FNDA:3,(anonymous_29)
FNDA:1,(anonymous_30)
FNDA:3,(anonymous_31)
FNDA:1,(anonymous_32)
FNDA:3,(anonymous_33)
FNDA:1,(anonymous_34)
FNDA:3,(anonymous_35)
FNDA:1,(anonymous_36)
FNDA:3,(anonymous_37)
FNDA:1,(anonymous_38)
FNDA:3,(anonymous_39)
FNDA:1,(anonymous_40)
FNDA:3,(anonymous_41)
DA:6,1
DA:7,1
DA:8,1
DA:9,1
DA:10,1
DA:11,1
DA:15,1
DA:16,1
DA:20,11
DA:26,10
DA:32,10
DA:33,10
DA:34,10
DA:35,10
DA:37,10
DA:40,20
DA:41,0
DA:43,20
DA:44,10
DA:45,10
DA:52,1
DA:53,1
DA:54,1
DA:56,1
DA:57,1
DA:58,1
DA:60,1
DA:61,1
DA:62,1
DA:64,1
DA:65,1
DA:66,1
DA:68,1
DA:69,1
DA:70,1
DA:72,1
DA:73,1
DA:74,1
DA:76,1
DA:77,1
DA:78,1
DA:80,1
DA:81,1
DA:82,1
DA:84,1
DA:86,1
DA:87,1
DA:89,1
DA:91,1
DA:92,1
DA:94,1
DA:97,1
DA:98,1
DA:100,1
DA:101,1
DA:102,1
DA:105,1
DA:106,1
DA:117,2
DA:118,0
DA:120,2
DA:121,1
DA:122,1
DA:127,1
DA:129,1
DA:130,1
DA:134,3
DA:135,0
DA:137,3
DA:138,2
DA:143,1
DA:145,1
DA:146,1
DA:150,3
DA:151,0
DA:153,3
DA:154,2
DA:159,1
DA:161,1
DA:162,1
DA:166,3
DA:167,0
DA:169,3
DA:170,2
DA:175,1
DA:177,1
DA:178,1
DA:182,3
DA:183,0
DA:185,3
DA:186,2
DA:191,1
DA:193,1
DA:194,1
DA:198,3
DA:199,0
DA:201,3
DA:202,2
DA:207,1
DA:209,1
DA:210,1
DA:214,3
DA:215,0
DA:217,3
DA:218,2
DA:223,1
DA:225,1
DA:226,1
DA:230,3
DA:231,0
DA:233,3
DA:234,2
DA:239,1
DA:241,1
DA:242,1
DA:246,3
DA:247,0
DA:249,3
DA:250,2
DA:255,1
DA:257,1
DA:258,1
DA:262,3
DA:263,0
DA:265,3
DA:266,2
DA:271,1
DA:273,1
DA:274,1
DA:278,3
DA:279,0
DA:281,3
DA:282,2
DA:287,1
DA:289,1
DA:290,1
DA:294,3
DA:295,0
DA:297,3
DA:298,2
DA:303,1
DA:305,1
DA:306,1
DA:310,3
DA:311,0
DA:313,3
DA:314,2
DA:319,1
DA:321,1
DA:322,1
DA:326,3
DA:327,0
DA:329,3
DA:330,2
DA:335,1
DA:337,1
DA:338,1
DA:342,3
DA:343,0
DA:345,3
DA:346,2
DA:351,1
DA:353,1
DA:354,1
DA:358,3
DA:359,0
DA:361,3
DA:362,2
DA:367,1
DA:369,1
DA:370,1
DA:373,3
DA:374,0
DA:376,3
DA:377,2
DA:382,1
DA:384,1
LF:177
LH:159
BRDA:20,0,0,1
BRDA:20,0,1,10
BRDA:26,1,0,0
BRDA:26,1,1,10
BRDA:31,2,0,5
BRDA:40,3,0,0
BRDA:40,3,1,20
BRDA:43,4,0,10
BRDA:43,4,1,10
BRDA:43,5,0,20
BRDA:43,5,1,10
BRDA:117,6,0,0
BRDA:117,6,1,2
BRDA:120,7,0,1
BRDA:120,7,1,1
BRDA:120,8,0,2
BRDA:120,8,1,1
BRDA:134,9,0,0
BRDA:134,9,1,3
BRDA:137,10,0,2
BRDA:137,10,1,1
BRDA:137,11,0,3
BRDA:137,11,1,2
BRDA:150,12,0,0
BRDA:150,12,1,3
BRDA:153,13,0,2
BRDA:153,13,1,1
BRDA:153,14,0,3
BRDA:153,14,1,2
BRDA:166,15,0,0
BRDA:166,15,1,3
BRDA:169,16,0,2
BRDA:169,16,1,1
BRDA:169,17,0,3
BRDA:169,17,1,2
BRDA:182,18,0,0
BRDA:182,18,1,3
BRDA:185,19,0,2
BRDA:185,19,1,1
BRDA:185,20,0,3
BRDA:185,20,1,2
BRDA:198,21,0,0
BRDA:198,21,1,3
BRDA:201,22,0,2
BRDA:201,22,1,1
BRDA:201,23,0,3
BRDA:201,23,1,2
BRDA:214,24,0,0
BRDA:214,24,1,3
BRDA:217,25,0,2
BRDA:217,25,1,1
BRDA:217,26,0,3
BRDA:217,26,1,2
BRDA:230,27,0,0
BRDA:230,27,1,3
BRDA:233,28,0,2
BRDA:233,28,1,1
BRDA:233,29,0,3
BRDA:233,29,1,2
BRDA:246,30,0,0
BRDA:246,30,1,3
BRDA:249,31,0,2
BRDA:249,31,1,1
BRDA:249,32,0,3
BRDA:249,32,1,2
BRDA:262,33,0,0
BRDA:262,33,1,3
BRDA:265,34,0,2
BRDA:265,34,1,1
BRDA:265,35,0,3
BRDA:265,35,1,2
BRDA:278,36,0,0
BRDA:278,36,1,3
BRDA:281,37,0,2
BRDA:281,37,1,1
BRDA:281,38,0,3
BRDA:281,38,1,2
BRDA:294,39,0,0
BRDA:294,39,1,3
BRDA:297,40,0,2
BRDA:297,40,1,1
BRDA:297,41,0,3
BRDA:297,41,1,2
BRDA:310,42,0,0
BRDA:310,42,1,3
BRDA:313,43,0,2
BRDA:313,43,1,1
BRDA:313,44,0,3
BRDA:313,44,1,2
BRDA:326,45,0,0
BRDA:326,45,1,3
BRDA:329,46,0,2
BRDA:329,46,1,1
BRDA:329,47,0,3
BRDA:329,47,1,2
BRDA:342,48,0,0
BRDA:342,48,1,3
BRDA:345,49,0,2
BRDA:345,49,1,1
BRDA:345,50,0,3
BRDA:345,50,1,2
BRDA:358,51,0,0
BRDA:358,51,1,3
BRDA:361,52,0,2
BRDA:361,52,1,1
BRDA:361,53,0,3
BRDA:361,53,1,2
BRDA:373,54,0,0
BRDA:373,54,1,3
BRDA:376,55,0,2
BRDA:376,55,1,1
BRDA:376,56,0,3
BRDA:376,56,1,2
BRF:113
BRH:94
end_of_record
